ARM GAS  C:\Users\kotaro\AppData\Local\Temp\ccnq8ttB.s 			page 1


   1              		.cpu cortex-m4
   2              		.eabi_attribute 27, 1
   3              		.eabi_attribute 28, 1
   4              		.eabi_attribute 20, 1
   5              		.eabi_attribute 21, 1
   6              		.eabi_attribute 23, 3
   7              		.eabi_attribute 24, 1
   8              		.eabi_attribute 25, 1
   9              		.eabi_attribute 26, 1
  10              		.eabi_attribute 30, 1
  11              		.eabi_attribute 34, 1
  12              		.eabi_attribute 18, 4
  13              		.file	"buzzer.c"
  14              		.text
  15              	.Ltext0:
  16              		.cfi_sections	.debug_frame
  17              		.section	.text.buzzerSetMonophonic,"ax",%progbits
  18              		.align	1
  19              		.global	buzzerSetMonophonic
  20              		.syntax unified
  21              		.thumb
  22              		.thumb_func
  23              		.fpu fpv4-sp-d16
  25              	buzzerSetMonophonic:
  26              	.LFB126:
  27              		.file 1 "Src/buzzer.c"
   1:Src/buzzer.c  **** #include "buzzer.h"
   2:Src/buzzer.c  **** #include "tim.h"
   3:Src/buzzer.c  **** 
   4:Src/buzzer.c  **** static uint16_t buzzer_counter = 1;
   5:Src/buzzer.c  **** static uint16_t beep_time = 0;
   6:Src/buzzer.c  **** 
   7:Src/buzzer.c  **** void buzzerSetMonophonic( uint16_t scale, uint16_t time_beep )
   8:Src/buzzer.c  **** {
  28              		.loc 1 8 0
  29              		.cfi_startproc
  30              		@ args = 0, pretend = 0, frame = 0
  31              		@ frame_needed = 0, uses_anonymous_args = 0
  32              	.LVL0:
  33 0000 10B5     		push	{r4, lr}
  34              	.LCFI0:
  35              		.cfi_def_cfa_offset 8
  36              		.cfi_offset 4, -8
  37              		.cfi_offset 14, -4
  38 0002 0C46     		mov	r4, r1
   9:Src/buzzer.c  ****     Tim_BuzzerPwm(scale,600);
  39              		.loc 1 9 0
  40 0004 4FF41671 		mov	r1, #600
  41              	.LVL1:
  42 0008 FFF7FEFF 		bl	Tim_BuzzerPwm
  43              	.LVL2:
  10:Src/buzzer.c  ****     //buzzerPwmOut( 99, scale ); 
  11:Src/buzzer.c  ****     buzzer_counter = 0;
  44              		.loc 1 11 0
  45 000c 024B     		ldr	r3, .L3
  46 000e 0022     		movs	r2, #0
  47 0010 1A80     		strh	r2, [r3]	@ movhi
ARM GAS  C:\Users\kotaro\AppData\Local\Temp\ccnq8ttB.s 			page 2


  12:Src/buzzer.c  ****     beep_time = time_beep;
  48              		.loc 1 12 0
  49 0012 024B     		ldr	r3, .L3+4
  50 0014 1C80     		strh	r4, [r3]	@ movhi
  13:Src/buzzer.c  **** }
  51              		.loc 1 13 0
  52 0016 10BD     		pop	{r4, pc}
  53              	.L4:
  54              		.align	2
  55              	.L3:
  56 0018 00000000 		.word	.LANCHOR0
  57 001c 00000000 		.word	.LANCHOR1
  58              		.cfi_endproc
  59              	.LFE126:
  61              		.section	.text.buzzerOutPut,"ax",%progbits
  62              		.align	1
  63              		.global	buzzerOutPut
  64              		.syntax unified
  65              		.thumb
  66              		.thumb_func
  67              		.fpu fpv4-sp-d16
  69              	buzzerOutPut:
  70              	.LFB127:
  14:Src/buzzer.c  **** 
  15:Src/buzzer.c  **** void buzzerOutPut( void )
  16:Src/buzzer.c  **** {
  71              		.loc 1 16 0
  72              		.cfi_startproc
  73              		@ args = 0, pretend = 0, frame = 0
  74              		@ frame_needed = 0, uses_anonymous_args = 0
  75 0000 08B5     		push	{r3, lr}
  76              	.LCFI1:
  77              		.cfi_def_cfa_offset 8
  78              		.cfi_offset 3, -8
  79              		.cfi_offset 14, -4
  17:Src/buzzer.c  ****   if ( buzzer_counter > beep_time ){
  80              		.loc 1 17 0
  81 0002 074B     		ldr	r3, .L10
  82 0004 1B88     		ldrh	r3, [r3]
  83 0006 074A     		ldr	r2, .L10+4
  84 0008 1288     		ldrh	r2, [r2]
  85 000a 9342     		cmp	r3, r2
  86 000c 03D8     		bhi	.L9
  18:Src/buzzer.c  ****     Tim_BuzzerPwm(HZ_NORMAL,0);
  19:Src/buzzer.c  ****     //buzzerPwmOut( 0, NORMAL );
  20:Src/buzzer.c  ****   } else {
  21:Src/buzzer.c  ****     buzzer_counter++;
  87              		.loc 1 21 0
  88 000e 0133     		adds	r3, r3, #1
  89 0010 034A     		ldr	r2, .L10
  90 0012 1380     		strh	r3, [r2]	@ movhi
  91              	.L5:
  22:Src/buzzer.c  ****   }
  23:Src/buzzer.c  **** 
  24:Src/buzzer.c  **** }
  92              		.loc 1 24 0
  93 0014 08BD     		pop	{r3, pc}
ARM GAS  C:\Users\kotaro\AppData\Local\Temp\ccnq8ttB.s 			page 3


  94              	.L9:
  18:Src/buzzer.c  ****     Tim_BuzzerPwm(HZ_NORMAL,0);
  95              		.loc 1 18 0
  96 0016 0021     		movs	r1, #0
  97 0018 0A20     		movs	r0, #10
  98 001a FFF7FEFF 		bl	Tim_BuzzerPwm
  99              	.LVL3:
 100 001e F9E7     		b	.L5
 101              	.L11:
 102              		.align	2
 103              	.L10:
 104 0020 00000000 		.word	.LANCHOR0
 105 0024 00000000 		.word	.LANCHOR1
 106              		.cfi_endproc
 107              	.LFE127:
 109              		.section	.text.buzzermodeSelect,"ax",%progbits
 110              		.align	1
 111              		.global	buzzermodeSelect
 112              		.syntax unified
 113              		.thumb
 114              		.thumb_func
 115              		.fpu fpv4-sp-d16
 117              	buzzermodeSelect:
 118              	.LFB128:
  25:Src/buzzer.c  **** 
  26:Src/buzzer.c  **** void buzzermodeSelect( int8_t mode )
  27:Src/buzzer.c  **** {
 119              		.loc 1 27 0
 120              		.cfi_startproc
 121              		@ args = 0, pretend = 0, frame = 0
 122              		@ frame_needed = 0, uses_anonymous_args = 0
 123              	.LVL4:
 124 0000 08B5     		push	{r3, lr}
 125              	.LCFI2:
 126              		.cfi_def_cfa_offset 8
 127              		.cfi_offset 3, -8
 128              		.cfi_offset 14, -4
  28:Src/buzzer.c  ****   switch( mode ){
 129              		.loc 1 28 0
 130 0002 0138     		subs	r0, r0, #1
 131              	.LVL5:
 132 0004 0728     		cmp	r0, #7
 133 0006 0AD8     		bhi	.L12
 134 0008 DFE800F0 		tbb	[pc, r0]
 135              	.L15:
 136 000c 04       		.byte	(.L14-.L15)/2
 137 000d 0A       		.byte	(.L16-.L15)/2
 138 000e 10       		.byte	(.L17-.L15)/2
 139 000f 16       		.byte	(.L18-.L15)/2
 140 0010 1C       		.byte	(.L19-.L15)/2
 141 0011 22       		.byte	(.L20-.L15)/2
 142 0012 28       		.byte	(.L21-.L15)/2
 143 0013 2E       		.byte	(.L22-.L15)/2
 144              		.p2align 1
 145              	.L14:
  29:Src/buzzer.c  ****     case 0:
  30:Src/buzzer.c  ****       break;
ARM GAS  C:\Users\kotaro\AppData\Local\Temp\ccnq8ttB.s 			page 4


  31:Src/buzzer.c  **** 
  32:Src/buzzer.c  ****     case 1:
  33:Src/buzzer.c  ****       buzzerSetMonophonic( C_SCALE, 200 );
 146              		.loc 1 33 0
 147 0014 C821     		movs	r1, #200
 148 0016 40F6F230 		movw	r0, #3058
 149 001a FFF7FEFF 		bl	buzzerSetMonophonic
 150              	.LVL6:
 151              	.L12:
  34:Src/buzzer.c  ****       break;
  35:Src/buzzer.c  **** 
  36:Src/buzzer.c  ****     case 2:
  37:Src/buzzer.c  ****       buzzerSetMonophonic( D_SCALE, 200 );
  38:Src/buzzer.c  ****       break;
  39:Src/buzzer.c  **** 
  40:Src/buzzer.c  ****     case 3:
  41:Src/buzzer.c  ****       buzzerSetMonophonic( E_SCALE, 200 );
  42:Src/buzzer.c  ****       break;
  43:Src/buzzer.c  ****     
  44:Src/buzzer.c  ****     case 4:
  45:Src/buzzer.c  ****       buzzerSetMonophonic( F_SCALE, 200 );
  46:Src/buzzer.c  ****       break;
  47:Src/buzzer.c  **** 
  48:Src/buzzer.c  ****     case 5:
  49:Src/buzzer.c  ****       buzzerSetMonophonic( G_SCALE, 200 );
  50:Src/buzzer.c  ****       break;
  51:Src/buzzer.c  ****     
  52:Src/buzzer.c  ****     case 6:
  53:Src/buzzer.c  ****       buzzerSetMonophonic( A_SCALE, 200 );
  54:Src/buzzer.c  ****       break;
  55:Src/buzzer.c  **** 
  56:Src/buzzer.c  ****     case 7:
  57:Src/buzzer.c  ****       buzzerSetMonophonic( B_SCALE, 200 );
  58:Src/buzzer.c  ****       break;
  59:Src/buzzer.c  **** 
  60:Src/buzzer.c  ****     case 8:
  61:Src/buzzer.c  ****       buzzerSetMonophonic( C_H_SCALE, 200 );
  62:Src/buzzer.c  ****       break;
  63:Src/buzzer.c  **** 
  64:Src/buzzer.c  ****     default:
  65:Src/buzzer.c  ****       break;
  66:Src/buzzer.c  ****   }
  67:Src/buzzer.c  **** }...
 152              		.loc 1 67 0
 153 001e 08BD     		pop	{r3, pc}
 154              	.L16:
  37:Src/buzzer.c  ****       buzzerSetMonophonic( D_SCALE, 200 );
 155              		.loc 1 37 0
 156 0020 C821     		movs	r1, #200
 157 0022 40F6A720 		movw	r0, #2727
 158 0026 FFF7FEFF 		bl	buzzerSetMonophonic
 159              	.LVL7:
  38:Src/buzzer.c  ****       break;
 160              		.loc 1 38 0
 161 002a F8E7     		b	.L12
 162              	.L17:
  41:Src/buzzer.c  ****       buzzerSetMonophonic( E_SCALE, 200 );
ARM GAS  C:\Users\kotaro\AppData\Local\Temp\ccnq8ttB.s 			page 5


 163              		.loc 1 41 0
 164 002c C821     		movs	r1, #200
 165 002e 40F67B10 		movw	r0, #2427
 166 0032 FFF7FEFF 		bl	buzzerSetMonophonic
 167              	.LVL8:
  42:Src/buzzer.c  ****       break;
 168              		.loc 1 42 0
 169 0036 F2E7     		b	.L12
 170              	.L18:
  45:Src/buzzer.c  ****       buzzerSetMonophonic( F_SCALE, 200 );
 171              		.loc 1 45 0
 172 0038 C821     		movs	r1, #200
 173 003a 40F6F200 		movw	r0, #2290
 174 003e FFF7FEFF 		bl	buzzerSetMonophonic
 175              	.LVL9:
  46:Src/buzzer.c  ****       break;
 176              		.loc 1 46 0
 177 0042 ECE7     		b	.L12
 178              	.L19:
  49:Src/buzzer.c  ****       buzzerSetMonophonic( G_SCALE, 200 );
 179              		.loc 1 49 0
 180 0044 C821     		movs	r1, #200
 181 0046 4FF4FF60 		mov	r0, #2040
 182 004a FFF7FEFF 		bl	buzzerSetMonophonic
 183              	.LVL10:
  50:Src/buzzer.c  ****       break;
 184              		.loc 1 50 0
 185 004e E6E7     		b	.L12
 186              	.L20:
  53:Src/buzzer.c  ****       buzzerSetMonophonic( A_SCALE, 200 );
 187              		.loc 1 53 0
 188 0050 C821     		movs	r1, #200
 189 0052 40F21A70 		movw	r0, #1818
 190 0056 FFF7FEFF 		bl	buzzerSetMonophonic
 191              	.LVL11:
  54:Src/buzzer.c  ****       break;
 192              		.loc 1 54 0
 193 005a E0E7     		b	.L12
 194              	.L21:
  57:Src/buzzer.c  ****       buzzerSetMonophonic( B_SCALE, 200 );
 195              		.loc 1 57 0
 196 005c C821     		movs	r1, #200
 197 005e 40F25460 		movw	r0, #1620
 198 0062 FFF7FEFF 		bl	buzzerSetMonophonic
 199              	.LVL12:
  58:Src/buzzer.c  ****       break;
 200              		.loc 1 58 0
 201 0066 DAE7     		b	.L12
 202              	.L22:
  61:Src/buzzer.c  ****       buzzerSetMonophonic( C_H_SCALE, 200 );
 203              		.loc 1 61 0
 204 0068 C821     		movs	r1, #200
 205 006a 40F2F950 		movw	r0, #1529
 206 006e FFF7FEFF 		bl	buzzerSetMonophonic
 207              	.LVL13:
 208              		.loc 1 67 0
 209 0072 D4E7     		b	.L12
ARM GAS  C:\Users\kotaro\AppData\Local\Temp\ccnq8ttB.s 			page 6


 210              		.cfi_endproc
 211              	.LFE128:
 213              		.section	.bss.beep_time,"aw",%nobits
 214              		.align	1
 215              		.set	.LANCHOR1,. + 0
 218              	beep_time:
 219 0000 0000     		.space	2
 220              		.section	.data.buzzer_counter,"aw",%progbits
 221              		.align	1
 222              		.set	.LANCHOR0,. + 0
 225              	buzzer_counter:
 226 0000 0100     		.short	1
 227              		.text
 228              	.Letext0:
 229              		.file 2 "c:\\program files (x86)\\gnu tools arm embedded\\7 2017-q4-major\\arm-none-eabi\\include\
 230              		.file 3 "c:\\program files (x86)\\gnu tools arm embedded\\7 2017-q4-major\\arm-none-eabi\\include\
 231              		.file 4 "Drivers/CMSIS/Include/core_cm4.h"
 232              		.file 5 "Drivers/CMSIS/Device/ST/STM32F4xx/Include/system_stm32f4xx.h"
 233              		.file 6 "Drivers/CMSIS/Device/ST/STM32F4xx/Include/stm32f405xx.h"
 234              		.file 7 "c:\\program files (x86)\\gnu tools arm embedded\\7 2017-q4-major\\arm-none-eabi\\include\
 235              		.file 8 "c:\\program files (x86)\\gnu tools arm embedded\\7 2017-q4-major\\arm-none-eabi\\include\
 236              		.file 9 "c:\\program files (x86)\\gnu tools arm embedded\\7 2017-q4-major\\lib\\gcc\\arm-none-eabi
 237              		.file 10 "c:\\program files (x86)\\gnu tools arm embedded\\7 2017-q4-major\\arm-none-eabi\\include
 238              		.file 11 "Drivers/STM32F4xx_HAL_Driver/Inc/stm32f4xx_hal_def.h"
 239              		.file 12 "Drivers/STM32F4xx_HAL_Driver/Inc/stm32f4xx_hal_dma.h"
 240              		.file 13 "Drivers/STM32F4xx_HAL_Driver/Inc/stm32f4xx_hal_tim.h"
 241              		.file 14 "Inc/tim.h"
ARM GAS  C:\Users\kotaro\AppData\Local\Temp\ccnq8ttB.s 			page 7


DEFINED SYMBOLS
                            *ABS*:00000000 buzzer.c
C:\Users\kotaro\AppData\Local\Temp\ccnq8ttB.s:18     .text.buzzerSetMonophonic:00000000 $t
C:\Users\kotaro\AppData\Local\Temp\ccnq8ttB.s:25     .text.buzzerSetMonophonic:00000000 buzzerSetMonophonic
C:\Users\kotaro\AppData\Local\Temp\ccnq8ttB.s:56     .text.buzzerSetMonophonic:00000018 $d
C:\Users\kotaro\AppData\Local\Temp\ccnq8ttB.s:62     .text.buzzerOutPut:00000000 $t
C:\Users\kotaro\AppData\Local\Temp\ccnq8ttB.s:69     .text.buzzerOutPut:00000000 buzzerOutPut
C:\Users\kotaro\AppData\Local\Temp\ccnq8ttB.s:104    .text.buzzerOutPut:00000020 $d
C:\Users\kotaro\AppData\Local\Temp\ccnq8ttB.s:110    .text.buzzermodeSelect:00000000 $t
C:\Users\kotaro\AppData\Local\Temp\ccnq8ttB.s:117    .text.buzzermodeSelect:00000000 buzzermodeSelect
C:\Users\kotaro\AppData\Local\Temp\ccnq8ttB.s:136    .text.buzzermodeSelect:0000000c $d
C:\Users\kotaro\AppData\Local\Temp\ccnq8ttB.s:144    .text.buzzermodeSelect:00000014 $t
C:\Users\kotaro\AppData\Local\Temp\ccnq8ttB.s:214    .bss.beep_time:00000000 $d
C:\Users\kotaro\AppData\Local\Temp\ccnq8ttB.s:218    .bss.beep_time:00000000 beep_time
C:\Users\kotaro\AppData\Local\Temp\ccnq8ttB.s:221    .data.buzzer_counter:00000000 $d
C:\Users\kotaro\AppData\Local\Temp\ccnq8ttB.s:225    .data.buzzer_counter:00000000 buzzer_counter

UNDEFINED SYMBOLS
Tim_BuzzerPwm
