ARM GAS  C:\Users\kotaro\AppData\Local\Temp\ccpF5R1f.s 			page 1


   1              		.cpu cortex-m4
   2              		.eabi_attribute 27, 1
   3              		.eabi_attribute 28, 1
   4              		.eabi_attribute 20, 1
   5              		.eabi_attribute 21, 1
   6              		.eabi_attribute 23, 3
   7              		.eabi_attribute 24, 1
   8              		.eabi_attribute 25, 1
   9              		.eabi_attribute 26, 1
  10              		.eabi_attribute 30, 1
  11              		.eabi_attribute 34, 1
  12              		.eabi_attribute 18, 4
  13              		.file	"gpio.c"
  14              		.text
  15              	.Ltext0:
  16              		.cfi_sections	.debug_frame
  17              		.section	.text.MX_GPIO_Init,"ax",%progbits
  18              		.align	1
  19              		.global	MX_GPIO_Init
  20              		.syntax unified
  21              		.thumb
  22              		.thumb_func
  23              		.fpu fpv4-sp-d16
  25              	MX_GPIO_Init:
  26              	.LFB126:
  27              		.file 1 "Src/gpio.c"
   1:Src/gpio.c    **** /**
   2:Src/gpio.c    ****   ******************************************************************************
   3:Src/gpio.c    ****   * File Name          : gpio.c
   4:Src/gpio.c    ****   * Description        : This file provides code for the configuration
   5:Src/gpio.c    ****   *                      of all used GPIO pins.
   6:Src/gpio.c    ****   ******************************************************************************
   7:Src/gpio.c    ****   ** This notice applies to any and all portions of this file
   8:Src/gpio.c    ****   * that are not between comment pairs USER CODE BEGIN and
   9:Src/gpio.c    ****   * USER CODE END. Other portions of this file, whether 
  10:Src/gpio.c    ****   * inserted by the user or by software development tools
  11:Src/gpio.c    ****   * are owned by their respective copyright owners.
  12:Src/gpio.c    ****   *
  13:Src/gpio.c    ****   * COPYRIGHT(c) 2019 STMicroelectronics
  14:Src/gpio.c    ****   *
  15:Src/gpio.c    ****   * Redistribution and use in source and binary forms, with or without modification,
  16:Src/gpio.c    ****   * are permitted provided that the following conditions are met:
  17:Src/gpio.c    ****   *   1. Redistributions of source code must retain the above copyright notice,
  18:Src/gpio.c    ****   *      this list of conditions and the following disclaimer.
  19:Src/gpio.c    ****   *   2. Redistributions in binary form must reproduce the above copyright notice,
  20:Src/gpio.c    ****   *      this list of conditions and the following disclaimer in the documentation
  21:Src/gpio.c    ****   *      and/or other materials provided with the distribution.
  22:Src/gpio.c    ****   *   3. Neither the name of STMicroelectronics nor the names of its contributors
  23:Src/gpio.c    ****   *      may be used to endorse or promote products derived from this software
  24:Src/gpio.c    ****   *      without specific prior written permission.
  25:Src/gpio.c    ****   *
  26:Src/gpio.c    ****   * THIS SOFTWARE IS PROVIDED BY THE COPYRIGHT HOLDERS AND CONTRIBUTORS "AS IS"
  27:Src/gpio.c    ****   * AND ANY EXPRESS OR IMPLIED WARRANTIES, INCLUDING, BUT NOT LIMITED TO, THE
  28:Src/gpio.c    ****   * IMPLIED WARRANTIES OF MERCHANTABILITY AND FITNESS FOR A PARTICULAR PURPOSE ARE
  29:Src/gpio.c    ****   * DISCLAIMED. IN NO EVENT SHALL THE COPYRIGHT HOLDER OR CONTRIBUTORS BE LIABLE
  30:Src/gpio.c    ****   * FOR ANY DIRECT, INDIRECT, INCIDENTAL, SPECIAL, EXEMPLARY, OR CONSEQUENTIAL
  31:Src/gpio.c    ****   * DAMAGES (INCLUDING, BUT NOT LIMITED TO, PROCUREMENT OF SUBSTITUTE GOODS OR
ARM GAS  C:\Users\kotaro\AppData\Local\Temp\ccpF5R1f.s 			page 2


  32:Src/gpio.c    ****   * SERVICES; LOSS OF USE, DATA, OR PROFITS; OR BUSINESS INTERRUPTION) HOWEVER
  33:Src/gpio.c    ****   * CAUSED AND ON ANY THEORY OF LIABILITY, WHETHER IN CONTRACT, STRICT LIABILITY,
  34:Src/gpio.c    ****   * OR TORT (INCLUDING NEGLIGENCE OR OTHERWISE) ARISING IN ANY WAY OUT OF THE USE
  35:Src/gpio.c    ****   * OF THIS SOFTWARE, EVEN IF ADVISED OF THE POSSIBILITY OF SUCH DAMAGE.
  36:Src/gpio.c    ****   *
  37:Src/gpio.c    ****   ******************************************************************************
  38:Src/gpio.c    ****   */
  39:Src/gpio.c    **** 
  40:Src/gpio.c    **** /* Includes ------------------------------------------------------------------*/
  41:Src/gpio.c    **** #include "gpio.h"
  42:Src/gpio.c    **** /* USER CODE BEGIN 0 */
  43:Src/gpio.c    **** 
  44:Src/gpio.c    **** /* USER CODE END 0 */
  45:Src/gpio.c    **** 
  46:Src/gpio.c    **** /*----------------------------------------------------------------------------*/
  47:Src/gpio.c    **** /* Configure GPIO                                                             */
  48:Src/gpio.c    **** /*----------------------------------------------------------------------------*/
  49:Src/gpio.c    **** /* USER CODE BEGIN 1 */
  50:Src/gpio.c    **** 
  51:Src/gpio.c    **** /* USER CODE END 1 */
  52:Src/gpio.c    **** 
  53:Src/gpio.c    **** /** Configure pins as 
  54:Src/gpio.c    ****         * Analog 
  55:Src/gpio.c    ****         * Input 
  56:Src/gpio.c    ****         * Output
  57:Src/gpio.c    ****         * EVENT_OUT
  58:Src/gpio.c    ****         * EXTI
  59:Src/gpio.c    **** */
  60:Src/gpio.c    **** void MX_GPIO_Init(void)
  61:Src/gpio.c    **** {
  28              		.loc 1 61 0
  29              		.cfi_startproc
  30              		@ args = 0, pretend = 0, frame = 40
  31              		@ frame_needed = 0, uses_anonymous_args = 0
  32 0000 2DE9F041 		push	{r4, r5, r6, r7, r8, lr}
  33              	.LCFI0:
  34              		.cfi_def_cfa_offset 24
  35              		.cfi_offset 4, -24
  36              		.cfi_offset 5, -20
  37              		.cfi_offset 6, -16
  38              		.cfi_offset 7, -12
  39              		.cfi_offset 8, -8
  40              		.cfi_offset 14, -4
  41 0004 8AB0     		sub	sp, sp, #40
  42              	.LCFI1:
  43              		.cfi_def_cfa_offset 64
  44              	.LBB2:
  62:Src/gpio.c    **** 
  63:Src/gpio.c    ****   GPIO_InitTypeDef GPIO_InitStruct;
  64:Src/gpio.c    **** 
  65:Src/gpio.c    ****   /* GPIO Ports Clock Enable */
  66:Src/gpio.c    ****   __HAL_RCC_GPIOC_CLK_ENABLE();
  45              		.loc 1 66 0
  46 0006 0024     		movs	r4, #0
  47 0008 0194     		str	r4, [sp, #4]
  48 000a 2F4B     		ldr	r3, .L3
  49 000c 1A6B     		ldr	r2, [r3, #48]
ARM GAS  C:\Users\kotaro\AppData\Local\Temp\ccpF5R1f.s 			page 3


  50 000e 42F00402 		orr	r2, r2, #4
  51 0012 1A63     		str	r2, [r3, #48]
  52 0014 1A6B     		ldr	r2, [r3, #48]
  53 0016 02F00402 		and	r2, r2, #4
  54 001a 0192     		str	r2, [sp, #4]
  55 001c 019A     		ldr	r2, [sp, #4]
  56              	.LBE2:
  57              	.LBB3:
  67:Src/gpio.c    ****   __HAL_RCC_GPIOH_CLK_ENABLE();
  58              		.loc 1 67 0
  59 001e 0294     		str	r4, [sp, #8]
  60 0020 1A6B     		ldr	r2, [r3, #48]
  61 0022 42F08002 		orr	r2, r2, #128
  62 0026 1A63     		str	r2, [r3, #48]
  63 0028 1A6B     		ldr	r2, [r3, #48]
  64 002a 02F08002 		and	r2, r2, #128
  65 002e 0292     		str	r2, [sp, #8]
  66 0030 029A     		ldr	r2, [sp, #8]
  67              	.LBE3:
  68              	.LBB4:
  68:Src/gpio.c    ****   __HAL_RCC_GPIOA_CLK_ENABLE();
  69              		.loc 1 68 0
  70 0032 0394     		str	r4, [sp, #12]
  71 0034 1A6B     		ldr	r2, [r3, #48]
  72 0036 42F00102 		orr	r2, r2, #1
  73 003a 1A63     		str	r2, [r3, #48]
  74 003c 1A6B     		ldr	r2, [r3, #48]
  75 003e 02F00102 		and	r2, r2, #1
  76 0042 0392     		str	r2, [sp, #12]
  77 0044 039A     		ldr	r2, [sp, #12]
  78              	.LBE4:
  79              	.LBB5:
  69:Src/gpio.c    ****   __HAL_RCC_GPIOB_CLK_ENABLE();
  80              		.loc 1 69 0
  81 0046 0494     		str	r4, [sp, #16]
  82 0048 1A6B     		ldr	r2, [r3, #48]
  83 004a 42F00202 		orr	r2, r2, #2
  84 004e 1A63     		str	r2, [r3, #48]
  85 0050 1B6B     		ldr	r3, [r3, #48]
  86 0052 03F00203 		and	r3, r3, #2
  87 0056 0493     		str	r3, [sp, #16]
  88 0058 049B     		ldr	r3, [sp, #16]
  89              	.LBE5:
  70:Src/gpio.c    **** 
  71:Src/gpio.c    ****   /*Configure GPIO pin Output Level */
  72:Src/gpio.c    ****   HAL_GPIO_WritePin(GPIOC, led_b_Pin|GPIO_PIN_4|right_in2_Pin|right_in1_Pin, GPIO_PIN_RESET);
  90              		.loc 1 72 0
  91 005a DFF87880 		ldr	r8, .L3+12
  92 005e 2246     		mov	r2, r4
  93 0060 44F21031 		movw	r1, #17168
  94 0064 4046     		mov	r0, r8
  95 0066 FFF7FEFF 		bl	HAL_GPIO_WritePin
  96              	.LVL0:
  73:Src/gpio.c    **** 
  74:Src/gpio.c    ****   /*Configure GPIO pin Output Level */
  75:Src/gpio.c    ****   HAL_GPIO_WritePin(GPIOA, ir_side_Pin|ir_front_Pin|led1_Pin, GPIO_PIN_RESET);
  97              		.loc 1 75 0
ARM GAS  C:\Users\kotaro\AppData\Local\Temp\ccpF5R1f.s 			page 4


  98 006a 184F     		ldr	r7, .L3+4
  99 006c 2246     		mov	r2, r4
 100 006e 1321     		movs	r1, #19
 101 0070 3846     		mov	r0, r7
 102 0072 FFF7FEFF 		bl	HAL_GPIO_WritePin
 103              	.LVL1:
  76:Src/gpio.c    **** 
  77:Src/gpio.c    ****   /*Configure GPIO pin Output Level */
  78:Src/gpio.c    ****   HAL_GPIO_WritePin(GPIOB, gyro_cs_Pin|left_in2_Pin|left_in1_Pin|led2_Pin 
 104              		.loc 1 78 0
 105 0076 164E     		ldr	r6, .L3+8
 106 0078 2246     		mov	r2, r4
 107 007a 4DF28031 		movw	r1, #54144
 108 007e 3046     		mov	r0, r6
 109 0080 FFF7FEFF 		bl	HAL_GPIO_WritePin
 110              	.LVL2:
  79:Src/gpio.c    ****                           |led_r_Pin|led_g_Pin, GPIO_PIN_RESET);
  80:Src/gpio.c    **** 
  81:Src/gpio.c    ****   /*Configure GPIO pins : PCPin PC4 PCPin PCPin */
  82:Src/gpio.c    ****   GPIO_InitStruct.Pin = led_b_Pin|GPIO_PIN_4|right_in2_Pin|right_in1_Pin;
 111              		.loc 1 82 0
 112 0084 44F21033 		movw	r3, #17168
 113 0088 0593     		str	r3, [sp, #20]
  83:Src/gpio.c    ****   GPIO_InitStruct.Mode = GPIO_MODE_OUTPUT_PP;
 114              		.loc 1 83 0
 115 008a 0125     		movs	r5, #1
 116 008c 0695     		str	r5, [sp, #24]
  84:Src/gpio.c    ****   GPIO_InitStruct.Pull = GPIO_NOPULL;
 117              		.loc 1 84 0
 118 008e 0794     		str	r4, [sp, #28]
  85:Src/gpio.c    ****   GPIO_InitStruct.Speed = GPIO_SPEED_FREQ_LOW;
 119              		.loc 1 85 0
 120 0090 0894     		str	r4, [sp, #32]
  86:Src/gpio.c    ****   HAL_GPIO_Init(GPIOC, &GPIO_InitStruct);
 121              		.loc 1 86 0
 122 0092 05A9     		add	r1, sp, #20
 123 0094 4046     		mov	r0, r8
 124 0096 FFF7FEFF 		bl	HAL_GPIO_Init
 125              	.LVL3:
  87:Src/gpio.c    **** 
  88:Src/gpio.c    ****   /*Configure GPIO pins : PAPin PAPin PAPin */
  89:Src/gpio.c    ****   GPIO_InitStruct.Pin = ir_side_Pin|ir_front_Pin|led1_Pin;
 126              		.loc 1 89 0
 127 009a 1323     		movs	r3, #19
 128 009c 0593     		str	r3, [sp, #20]
  90:Src/gpio.c    ****   GPIO_InitStruct.Mode = GPIO_MODE_OUTPUT_PP;
 129              		.loc 1 90 0
 130 009e 0695     		str	r5, [sp, #24]
  91:Src/gpio.c    ****   GPIO_InitStruct.Pull = GPIO_NOPULL;
 131              		.loc 1 91 0
 132 00a0 0794     		str	r4, [sp, #28]
  92:Src/gpio.c    ****   GPIO_InitStruct.Speed = GPIO_SPEED_FREQ_LOW;
 133              		.loc 1 92 0
 134 00a2 0894     		str	r4, [sp, #32]
  93:Src/gpio.c    ****   HAL_GPIO_Init(GPIOA, &GPIO_InitStruct);
 135              		.loc 1 93 0
 136 00a4 05A9     		add	r1, sp, #20
ARM GAS  C:\Users\kotaro\AppData\Local\Temp\ccpF5R1f.s 			page 5


 137 00a6 3846     		mov	r0, r7
 138 00a8 FFF7FEFF 		bl	HAL_GPIO_Init
 139              	.LVL4:
  94:Src/gpio.c    **** 
  95:Src/gpio.c    ****   /*Configure GPIO pins : PBPin PBPin PBPin PBPin 
  96:Src/gpio.c    ****                            PBPin PBPin */
  97:Src/gpio.c    ****   GPIO_InitStruct.Pin = gyro_cs_Pin|left_in2_Pin|left_in1_Pin|led2_Pin 
 140              		.loc 1 97 0
 141 00ac 4DF28033 		movw	r3, #54144
 142 00b0 0593     		str	r3, [sp, #20]
  98:Src/gpio.c    ****                           |led_r_Pin|led_g_Pin;
  99:Src/gpio.c    ****   GPIO_InitStruct.Mode = GPIO_MODE_OUTPUT_PP;
 143              		.loc 1 99 0
 144 00b2 0695     		str	r5, [sp, #24]
 100:Src/gpio.c    ****   GPIO_InitStruct.Pull = GPIO_NOPULL;
 145              		.loc 1 100 0
 146 00b4 0794     		str	r4, [sp, #28]
 101:Src/gpio.c    ****   GPIO_InitStruct.Speed = GPIO_SPEED_FREQ_LOW;
 147              		.loc 1 101 0
 148 00b6 0894     		str	r4, [sp, #32]
 102:Src/gpio.c    ****   HAL_GPIO_Init(GPIOB, &GPIO_InitStruct);
 149              		.loc 1 102 0
 150 00b8 05A9     		add	r1, sp, #20
 151 00ba 3046     		mov	r0, r6
 152 00bc FFF7FEFF 		bl	HAL_GPIO_Init
 153              	.LVL5:
 103:Src/gpio.c    **** 
 104:Src/gpio.c    **** }
 154              		.loc 1 104 0
 155 00c0 0AB0     		add	sp, sp, #40
 156              	.LCFI2:
 157              		.cfi_def_cfa_offset 24
 158              		@ sp needed
 159 00c2 BDE8F081 		pop	{r4, r5, r6, r7, r8, pc}
 160              	.L4:
 161 00c6 00BF     		.align	2
 162              	.L3:
 163 00c8 00380240 		.word	1073887232
 164 00cc 00000240 		.word	1073872896
 165 00d0 00040240 		.word	1073873920
 166 00d4 00080240 		.word	1073874944
 167              		.cfi_endproc
 168              	.LFE126:
 170              		.text
 171              	.Letext0:
 172              		.file 2 "c:\\program files (x86)\\gnu tools arm embedded\\7 2017-q4-major\\arm-none-eabi\\include\
 173              		.file 3 "c:\\program files (x86)\\gnu tools arm embedded\\7 2017-q4-major\\arm-none-eabi\\include\
 174              		.file 4 "Drivers/CMSIS/Include/core_cm4.h"
 175              		.file 5 "Drivers/CMSIS/Device/ST/STM32F4xx/Include/system_stm32f4xx.h"
 176              		.file 6 "Drivers/CMSIS/Device/ST/STM32F4xx/Include/stm32f405xx.h"
 177              		.file 7 "c:\\program files (x86)\\gnu tools arm embedded\\7 2017-q4-major\\arm-none-eabi\\include\
 178              		.file 8 "c:\\program files (x86)\\gnu tools arm embedded\\7 2017-q4-major\\arm-none-eabi\\include\
 179              		.file 9 "c:\\program files (x86)\\gnu tools arm embedded\\7 2017-q4-major\\lib\\gcc\\arm-none-eabi
 180              		.file 10 "c:\\program files (x86)\\gnu tools arm embedded\\7 2017-q4-major\\arm-none-eabi\\include
 181              		.file 11 "Drivers/STM32F4xx_HAL_Driver/Inc/stm32f4xx_hal_gpio.h"
ARM GAS  C:\Users\kotaro\AppData\Local\Temp\ccpF5R1f.s 			page 6


DEFINED SYMBOLS
                            *ABS*:00000000 gpio.c
C:\Users\kotaro\AppData\Local\Temp\ccpF5R1f.s:18     .text.MX_GPIO_Init:00000000 $t
C:\Users\kotaro\AppData\Local\Temp\ccpF5R1f.s:25     .text.MX_GPIO_Init:00000000 MX_GPIO_Init
C:\Users\kotaro\AppData\Local\Temp\ccpF5R1f.s:163    .text.MX_GPIO_Init:000000c8 $d

UNDEFINED SYMBOLS
HAL_GPIO_WritePin
HAL_GPIO_Init
