ARM GAS  C:\Users\kotaro\AppData\Local\Temp\cccDNy7b.s 			page 1


   1              		.cpu cortex-m4
   2              		.eabi_attribute 27, 1
   3              		.eabi_attribute 28, 1
   4              		.eabi_attribute 20, 1
   5              		.eabi_attribute 21, 1
   6              		.eabi_attribute 23, 3
   7              		.eabi_attribute 24, 1
   8              		.eabi_attribute 25, 1
   9              		.eabi_attribute 26, 1
  10              		.eabi_attribute 30, 1
  11              		.eabi_attribute 34, 1
  12              		.eabi_attribute 18, 4
  13              		.file	"stm32f4xx_it.c"
  14              		.text
  15              	.Ltext0:
  16              		.cfi_sections	.debug_frame
  17              		.section	.text.NMI_Handler,"ax",%progbits
  18              		.align	1
  19              		.global	NMI_Handler
  20              		.syntax unified
  21              		.thumb
  22              		.thumb_func
  23              		.fpu fpv4-sp-d16
  25              	NMI_Handler:
  26              	.LFB126:
  27              		.file 1 "Src/stm32f4xx_it.c"
   1:Src/stm32f4xx_it.c **** /**
   2:Src/stm32f4xx_it.c ****   ******************************************************************************
   3:Src/stm32f4xx_it.c ****   * @file    stm32f4xx_it.c
   4:Src/stm32f4xx_it.c ****   * @brief   Interrupt Service Routines.
   5:Src/stm32f4xx_it.c ****   ******************************************************************************
   6:Src/stm32f4xx_it.c ****   *
   7:Src/stm32f4xx_it.c ****   * COPYRIGHT(c) 2019 STMicroelectronics
   8:Src/stm32f4xx_it.c ****   *
   9:Src/stm32f4xx_it.c ****   * Redistribution and use in source and binary forms, with or without modification,
  10:Src/stm32f4xx_it.c ****   * are permitted provided that the following conditions are met:
  11:Src/stm32f4xx_it.c ****   *   1. Redistributions of source code must retain the above copyright notice,
  12:Src/stm32f4xx_it.c ****   *      this list of conditions and the following disclaimer.
  13:Src/stm32f4xx_it.c ****   *   2. Redistributions in binary form must reproduce the above copyright notice,
  14:Src/stm32f4xx_it.c ****   *      this list of conditions and the following disclaimer in the documentation
  15:Src/stm32f4xx_it.c ****   *      and/or other materials provided with the distribution.
  16:Src/stm32f4xx_it.c ****   *   3. Neither the name of STMicroelectronics nor the names of its contributors
  17:Src/stm32f4xx_it.c ****   *      may be used to endorse or promote products derived from this software
  18:Src/stm32f4xx_it.c ****   *      without specific prior written permission.
  19:Src/stm32f4xx_it.c ****   *
  20:Src/stm32f4xx_it.c ****   * THIS SOFTWARE IS PROVIDED BY THE COPYRIGHT HOLDERS AND CONTRIBUTORS "AS IS"
  21:Src/stm32f4xx_it.c ****   * AND ANY EXPRESS OR IMPLIED WARRANTIES, INCLUDING, BUT NOT LIMITED TO, THE
  22:Src/stm32f4xx_it.c ****   * IMPLIED WARRANTIES OF MERCHANTABILITY AND FITNESS FOR A PARTICULAR PURPOSE ARE
  23:Src/stm32f4xx_it.c ****   * DISCLAIMED. IN NO EVENT SHALL THE COPYRIGHT HOLDER OR CONTRIBUTORS BE LIABLE
  24:Src/stm32f4xx_it.c ****   * FOR ANY DIRECT, INDIRECT, INCIDENTAL, SPECIAL, EXEMPLARY, OR CONSEQUENTIAL
  25:Src/stm32f4xx_it.c ****   * DAMAGES (INCLUDING, BUT NOT LIMITED TO, PROCUREMENT OF SUBSTITUTE GOODS OR
  26:Src/stm32f4xx_it.c ****   * SERVICES; LOSS OF USE, DATA, OR PROFITS; OR BUSINESS INTERRUPTION) HOWEVER
  27:Src/stm32f4xx_it.c ****   * CAUSED AND ON ANY THEORY OF LIABILITY, WHETHER IN CONTRACT, STRICT LIABILITY,
  28:Src/stm32f4xx_it.c ****   * OR TORT (INCLUDING NEGLIGENCE OR OTHERWISE) ARISING IN ANY WAY OUT OF THE USE
  29:Src/stm32f4xx_it.c ****   * OF THIS SOFTWARE, EVEN IF ADVISED OF THE POSSIBILITY OF SUCH DAMAGE.
  30:Src/stm32f4xx_it.c ****   *
  31:Src/stm32f4xx_it.c ****   ******************************************************************************
ARM GAS  C:\Users\kotaro\AppData\Local\Temp\cccDNy7b.s 			page 2


  32:Src/stm32f4xx_it.c ****   */
  33:Src/stm32f4xx_it.c **** /* Includes ------------------------------------------------------------------*/
  34:Src/stm32f4xx_it.c **** #include "stm32f4xx_hal.h"
  35:Src/stm32f4xx_it.c **** #include "stm32f4xx.h"
  36:Src/stm32f4xx_it.c **** #include "stm32f4xx_it.h"
  37:Src/stm32f4xx_it.c **** 
  38:Src/stm32f4xx_it.c **** /* USER CODE BEGIN 0 */
  39:Src/stm32f4xx_it.c **** #include "spi.h"
  40:Src/stm32f4xx_it.c **** #include "tim.h"
  41:Src/stm32f4xx_it.c **** #include "adc.h"
  42:Src/stm32f4xx_it.c **** /* USER CODE END 0 */
  43:Src/stm32f4xx_it.c **** 
  44:Src/stm32f4xx_it.c **** /* External variables --------------------------------------------------------*/
  45:Src/stm32f4xx_it.c **** extern DMA_HandleTypeDef hdma_adc2;
  46:Src/stm32f4xx_it.c **** 
  47:Src/stm32f4xx_it.c **** /******************************************************************************/
  48:Src/stm32f4xx_it.c **** /*            Cortex-M4 Processor Interruption and Exception Handlers         */ 
  49:Src/stm32f4xx_it.c **** /******************************************************************************/
  50:Src/stm32f4xx_it.c **** 
  51:Src/stm32f4xx_it.c **** /**
  52:Src/stm32f4xx_it.c **** * @brief This function handles Non maskable interrupt.
  53:Src/stm32f4xx_it.c **** */
  54:Src/stm32f4xx_it.c **** void NMI_Handler(void)
  55:Src/stm32f4xx_it.c **** {
  28              		.loc 1 55 0
  29              		.cfi_startproc
  30              		@ args = 0, pretend = 0, frame = 0
  31              		@ frame_needed = 0, uses_anonymous_args = 0
  32              		@ link register save eliminated.
  56:Src/stm32f4xx_it.c ****   /* USER CODE BEGIN NonMaskableInt_IRQn 0 */
  57:Src/stm32f4xx_it.c **** 
  58:Src/stm32f4xx_it.c ****   /* USER CODE END NonMaskableInt_IRQn 0 */
  59:Src/stm32f4xx_it.c ****   /* USER CODE BEGIN NonMaskableInt_IRQn 1 */
  60:Src/stm32f4xx_it.c **** 
  61:Src/stm32f4xx_it.c ****   /* USER CODE END NonMaskableInt_IRQn 1 */
  62:Src/stm32f4xx_it.c **** }
  33              		.loc 1 62 0
  34 0000 7047     		bx	lr
  35              		.cfi_endproc
  36              	.LFE126:
  38              		.section	.text.HardFault_Handler,"ax",%progbits
  39              		.align	1
  40              		.global	HardFault_Handler
  41              		.syntax unified
  42              		.thumb
  43              		.thumb_func
  44              		.fpu fpv4-sp-d16
  46              	HardFault_Handler:
  47              	.LFB127:
  63:Src/stm32f4xx_it.c **** 
  64:Src/stm32f4xx_it.c **** /**
  65:Src/stm32f4xx_it.c **** * @brief This function handles Hard fault interrupt.
  66:Src/stm32f4xx_it.c **** */
  67:Src/stm32f4xx_it.c **** void HardFault_Handler(void)
  68:Src/stm32f4xx_it.c **** {
  48              		.loc 1 68 0
  49              		.cfi_startproc
ARM GAS  C:\Users\kotaro\AppData\Local\Temp\cccDNy7b.s 			page 3


  50              		@ Volatile: function does not return.
  51              		@ args = 0, pretend = 0, frame = 0
  52              		@ frame_needed = 0, uses_anonymous_args = 0
  53              		@ link register save eliminated.
  54              	.L3:
  55 0000 FEE7     		b	.L3
  56              		.cfi_endproc
  57              	.LFE127:
  59              		.section	.text.MemManage_Handler,"ax",%progbits
  60              		.align	1
  61              		.global	MemManage_Handler
  62              		.syntax unified
  63              		.thumb
  64              		.thumb_func
  65              		.fpu fpv4-sp-d16
  67              	MemManage_Handler:
  68              	.LFB128:
  69:Src/stm32f4xx_it.c ****   /* USER CODE BEGIN HardFault_IRQn 0 */
  70:Src/stm32f4xx_it.c **** 
  71:Src/stm32f4xx_it.c ****   /* USER CODE END HardFault_IRQn 0 */
  72:Src/stm32f4xx_it.c ****   while (1)
  73:Src/stm32f4xx_it.c ****   {
  74:Src/stm32f4xx_it.c ****     /* USER CODE BEGIN W1_HardFault_IRQn 0 */
  75:Src/stm32f4xx_it.c ****     /* USER CODE END W1_HardFault_IRQn 0 */
  76:Src/stm32f4xx_it.c ****   }
  77:Src/stm32f4xx_it.c ****   /* USER CODE BEGIN HardFault_IRQn 1 */
  78:Src/stm32f4xx_it.c **** 
  79:Src/stm32f4xx_it.c ****   /* USER CODE END HardFault_IRQn 1 */
  80:Src/stm32f4xx_it.c **** }
  81:Src/stm32f4xx_it.c **** 
  82:Src/stm32f4xx_it.c **** /**
  83:Src/stm32f4xx_it.c **** * @brief This function handles Memory management fault.
  84:Src/stm32f4xx_it.c **** */
  85:Src/stm32f4xx_it.c **** void MemManage_Handler(void)
  86:Src/stm32f4xx_it.c **** {
  69              		.loc 1 86 0
  70              		.cfi_startproc
  71              		@ Volatile: function does not return.
  72              		@ args = 0, pretend = 0, frame = 0
  73              		@ frame_needed = 0, uses_anonymous_args = 0
  74              		@ link register save eliminated.
  75              	.L5:
  76 0000 FEE7     		b	.L5
  77              		.cfi_endproc
  78              	.LFE128:
  80              		.section	.text.BusFault_Handler,"ax",%progbits
  81              		.align	1
  82              		.global	BusFault_Handler
  83              		.syntax unified
  84              		.thumb
  85              		.thumb_func
  86              		.fpu fpv4-sp-d16
  88              	BusFault_Handler:
  89              	.LFB129:
  87:Src/stm32f4xx_it.c ****   /* USER CODE BEGIN MemoryManagement_IRQn 0 */
  88:Src/stm32f4xx_it.c **** 
  89:Src/stm32f4xx_it.c ****   /* USER CODE END MemoryManagement_IRQn 0 */
ARM GAS  C:\Users\kotaro\AppData\Local\Temp\cccDNy7b.s 			page 4


  90:Src/stm32f4xx_it.c ****   while (1)
  91:Src/stm32f4xx_it.c ****   {
  92:Src/stm32f4xx_it.c ****     /* USER CODE BEGIN W1_MemoryManagement_IRQn 0 */
  93:Src/stm32f4xx_it.c ****     /* USER CODE END W1_MemoryManagement_IRQn 0 */
  94:Src/stm32f4xx_it.c ****   }
  95:Src/stm32f4xx_it.c ****   /* USER CODE BEGIN MemoryManagement_IRQn 1 */
  96:Src/stm32f4xx_it.c **** 
  97:Src/stm32f4xx_it.c ****   /* USER CODE END MemoryManagement_IRQn 1 */
  98:Src/stm32f4xx_it.c **** }
  99:Src/stm32f4xx_it.c **** 
 100:Src/stm32f4xx_it.c **** /**
 101:Src/stm32f4xx_it.c **** * @brief This function handles Pre-fetch fault, memory access fault.
 102:Src/stm32f4xx_it.c **** */
 103:Src/stm32f4xx_it.c **** void BusFault_Handler(void)
 104:Src/stm32f4xx_it.c **** {
  90              		.loc 1 104 0
  91              		.cfi_startproc
  92              		@ Volatile: function does not return.
  93              		@ args = 0, pretend = 0, frame = 0
  94              		@ frame_needed = 0, uses_anonymous_args = 0
  95              		@ link register save eliminated.
  96              	.L7:
  97 0000 FEE7     		b	.L7
  98              		.cfi_endproc
  99              	.LFE129:
 101              		.section	.text.UsageFault_Handler,"ax",%progbits
 102              		.align	1
 103              		.global	UsageFault_Handler
 104              		.syntax unified
 105              		.thumb
 106              		.thumb_func
 107              		.fpu fpv4-sp-d16
 109              	UsageFault_Handler:
 110              	.LFB130:
 105:Src/stm32f4xx_it.c ****   /* USER CODE BEGIN BusFault_IRQn 0 */
 106:Src/stm32f4xx_it.c **** 
 107:Src/stm32f4xx_it.c ****   /* USER CODE END BusFault_IRQn 0 */
 108:Src/stm32f4xx_it.c ****   while (1)
 109:Src/stm32f4xx_it.c ****   {
 110:Src/stm32f4xx_it.c ****     /* USER CODE BEGIN W1_BusFault_IRQn 0 */
 111:Src/stm32f4xx_it.c ****     /* USER CODE END W1_BusFault_IRQn 0 */
 112:Src/stm32f4xx_it.c ****   }
 113:Src/stm32f4xx_it.c ****   /* USER CODE BEGIN BusFault_IRQn 1 */
 114:Src/stm32f4xx_it.c **** 
 115:Src/stm32f4xx_it.c ****   /* USER CODE END BusFault_IRQn 1 */
 116:Src/stm32f4xx_it.c **** }
 117:Src/stm32f4xx_it.c **** 
 118:Src/stm32f4xx_it.c **** /**
 119:Src/stm32f4xx_it.c **** * @brief This function handles Undefined instruction or illegal state.
 120:Src/stm32f4xx_it.c **** */
 121:Src/stm32f4xx_it.c **** void UsageFault_Handler(void)
 122:Src/stm32f4xx_it.c **** {
 111              		.loc 1 122 0
 112              		.cfi_startproc
 113              		@ Volatile: function does not return.
 114              		@ args = 0, pretend = 0, frame = 0
 115              		@ frame_needed = 0, uses_anonymous_args = 0
ARM GAS  C:\Users\kotaro\AppData\Local\Temp\cccDNy7b.s 			page 5


 116              		@ link register save eliminated.
 117              	.L9:
 118 0000 FEE7     		b	.L9
 119              		.cfi_endproc
 120              	.LFE130:
 122              		.section	.text.SVC_Handler,"ax",%progbits
 123              		.align	1
 124              		.global	SVC_Handler
 125              		.syntax unified
 126              		.thumb
 127              		.thumb_func
 128              		.fpu fpv4-sp-d16
 130              	SVC_Handler:
 131              	.LFB131:
 123:Src/stm32f4xx_it.c ****   /* USER CODE BEGIN UsageFault_IRQn 0 */
 124:Src/stm32f4xx_it.c **** 
 125:Src/stm32f4xx_it.c ****   /* USER CODE END UsageFault_IRQn 0 */
 126:Src/stm32f4xx_it.c ****   while (1)
 127:Src/stm32f4xx_it.c ****   {
 128:Src/stm32f4xx_it.c ****     /* USER CODE BEGIN W1_UsageFault_IRQn 0 */
 129:Src/stm32f4xx_it.c ****     /* USER CODE END W1_UsageFault_IRQn 0 */
 130:Src/stm32f4xx_it.c ****   }
 131:Src/stm32f4xx_it.c ****   /* USER CODE BEGIN UsageFault_IRQn 1 */
 132:Src/stm32f4xx_it.c **** 
 133:Src/stm32f4xx_it.c ****   /* USER CODE END UsageFault_IRQn 1 */
 134:Src/stm32f4xx_it.c **** }
 135:Src/stm32f4xx_it.c **** 
 136:Src/stm32f4xx_it.c **** /**
 137:Src/stm32f4xx_it.c **** * @brief This function handles System service call via SWI instruction.
 138:Src/stm32f4xx_it.c **** */
 139:Src/stm32f4xx_it.c **** void SVC_Handler(void)
 140:Src/stm32f4xx_it.c **** {
 132              		.loc 1 140 0
 133              		.cfi_startproc
 134              		@ args = 0, pretend = 0, frame = 0
 135              		@ frame_needed = 0, uses_anonymous_args = 0
 136              		@ link register save eliminated.
 141:Src/stm32f4xx_it.c ****   /* USER CODE BEGIN SVCall_IRQn 0 */
 142:Src/stm32f4xx_it.c **** 
 143:Src/stm32f4xx_it.c ****   /* USER CODE END SVCall_IRQn 0 */
 144:Src/stm32f4xx_it.c ****   /* USER CODE BEGIN SVCall_IRQn 1 */
 145:Src/stm32f4xx_it.c **** 
 146:Src/stm32f4xx_it.c ****   /* USER CODE END SVCall_IRQn 1 */
 147:Src/stm32f4xx_it.c **** }
 137              		.loc 1 147 0
 138 0000 7047     		bx	lr
 139              		.cfi_endproc
 140              	.LFE131:
 142              		.section	.text.DebugMon_Handler,"ax",%progbits
 143              		.align	1
 144              		.global	DebugMon_Handler
 145              		.syntax unified
 146              		.thumb
 147              		.thumb_func
 148              		.fpu fpv4-sp-d16
 150              	DebugMon_Handler:
 151              	.LFB132:
ARM GAS  C:\Users\kotaro\AppData\Local\Temp\cccDNy7b.s 			page 6


 148:Src/stm32f4xx_it.c **** 
 149:Src/stm32f4xx_it.c **** /**
 150:Src/stm32f4xx_it.c **** * @brief This function handles Debug monitor.
 151:Src/stm32f4xx_it.c **** */
 152:Src/stm32f4xx_it.c **** void DebugMon_Handler(void)
 153:Src/stm32f4xx_it.c **** {
 152              		.loc 1 153 0
 153              		.cfi_startproc
 154              		@ args = 0, pretend = 0, frame = 0
 155              		@ frame_needed = 0, uses_anonymous_args = 0
 156              		@ link register save eliminated.
 154:Src/stm32f4xx_it.c ****   /* USER CODE BEGIN DebugMonitor_IRQn 0 */
 155:Src/stm32f4xx_it.c **** 
 156:Src/stm32f4xx_it.c ****   /* USER CODE END DebugMonitor_IRQn 0 */
 157:Src/stm32f4xx_it.c ****   /* USER CODE BEGIN DebugMonitor_IRQn 1 */
 158:Src/stm32f4xx_it.c **** 
 159:Src/stm32f4xx_it.c ****   /* USER CODE END DebugMonitor_IRQn 1 */
 160:Src/stm32f4xx_it.c **** }
 157              		.loc 1 160 0
 158 0000 7047     		bx	lr
 159              		.cfi_endproc
 160              	.LFE132:
 162              		.section	.text.PendSV_Handler,"ax",%progbits
 163              		.align	1
 164              		.global	PendSV_Handler
 165              		.syntax unified
 166              		.thumb
 167              		.thumb_func
 168              		.fpu fpv4-sp-d16
 170              	PendSV_Handler:
 171              	.LFB133:
 161:Src/stm32f4xx_it.c **** 
 162:Src/stm32f4xx_it.c **** /**
 163:Src/stm32f4xx_it.c **** * @brief This function handles Pendable request for system service.
 164:Src/stm32f4xx_it.c **** */
 165:Src/stm32f4xx_it.c **** void PendSV_Handler(void)
 166:Src/stm32f4xx_it.c **** {
 172              		.loc 1 166 0
 173              		.cfi_startproc
 174              		@ args = 0, pretend = 0, frame = 0
 175              		@ frame_needed = 0, uses_anonymous_args = 0
 176              		@ link register save eliminated.
 167:Src/stm32f4xx_it.c ****   /* USER CODE BEGIN PendSV_IRQn 0 */
 168:Src/stm32f4xx_it.c **** 
 169:Src/stm32f4xx_it.c ****   /* USER CODE END PendSV_IRQn 0 */
 170:Src/stm32f4xx_it.c ****   /* USER CODE BEGIN PendSV_IRQn 1 */
 171:Src/stm32f4xx_it.c **** 
 172:Src/stm32f4xx_it.c ****   /* USER CODE END PendSV_IRQn 1 */
 173:Src/stm32f4xx_it.c **** }
 177              		.loc 1 173 0
 178 0000 7047     		bx	lr
 179              		.cfi_endproc
 180              	.LFE133:
 182              		.section	.text.SysTick_Handler,"ax",%progbits
 183              		.align	1
 184              		.global	SysTick_Handler
 185              		.syntax unified
ARM GAS  C:\Users\kotaro\AppData\Local\Temp\cccDNy7b.s 			page 7


 186              		.thumb
 187              		.thumb_func
 188              		.fpu fpv4-sp-d16
 190              	SysTick_Handler:
 191              	.LFB134:
 174:Src/stm32f4xx_it.c **** 
 175:Src/stm32f4xx_it.c **** /**
 176:Src/stm32f4xx_it.c **** * @brief This function handles System tick timer.
 177:Src/stm32f4xx_it.c **** */
 178:Src/stm32f4xx_it.c **** void SysTick_Handler(void)
 179:Src/stm32f4xx_it.c **** {
 192              		.loc 1 179 0
 193              		.cfi_startproc
 194              		@ args = 0, pretend = 0, frame = 0
 195              		@ frame_needed = 0, uses_anonymous_args = 0
 196 0000 08B5     		push	{r3, lr}
 197              	.LCFI0:
 198              		.cfi_def_cfa_offset 8
 199              		.cfi_offset 3, -8
 200              		.cfi_offset 14, -4
 180:Src/stm32f4xx_it.c ****   /* USER CODE BEGIN SysTick_IRQn 0 */
 181:Src/stm32f4xx_it.c **** 
 182:Src/stm32f4xx_it.c ****   /* USER CODE END SysTick_IRQn 0 */
 183:Src/stm32f4xx_it.c ****   HAL_IncTick();
 201              		.loc 1 183 0
 202 0002 FFF7FEFF 		bl	HAL_IncTick
 203              	.LVL0:
 184:Src/stm32f4xx_it.c ****   HAL_SYSTICK_IRQHandler();
 204              		.loc 1 184 0
 205 0006 FFF7FEFF 		bl	HAL_SYSTICK_IRQHandler
 206              	.LVL1:
 185:Src/stm32f4xx_it.c ****   /* USER CODE BEGIN SysTick_IRQn 1 */
 186:Src/stm32f4xx_it.c ****   Update_gyro();
 207              		.loc 1 186 0
 208 000a FFF7FEFF 		bl	Update_gyro
 209              	.LVL2:
 187:Src/stm32f4xx_it.c ****   Update_accel();
 210              		.loc 1 187 0
 211 000e FFF7FEFF 		bl	Update_accel
 212              	.LVL3:
 188:Src/stm32f4xx_it.c ****   Adc_CheckConvert();
 213              		.loc 1 188 0
 214 0012 FFF7FEFF 		bl	Adc_CheckConvert
 215              	.LVL4:
 189:Src/stm32f4xx_it.c ****   Tim_UpdateEncoder();
 216              		.loc 1 189 0
 217 0016 FFF7FEFF 		bl	Tim_UpdateEncoder
 218              	.LVL5:
 190:Src/stm32f4xx_it.c ****   /* USER CODE END SysTick_IRQn 1 */
 191:Src/stm32f4xx_it.c **** }
 219              		.loc 1 191 0
 220 001a 08BD     		pop	{r3, pc}
 221              		.cfi_endproc
 222              	.LFE134:
 224              		.section	.text.DMA2_Stream2_IRQHandler,"ax",%progbits
 225              		.align	1
 226              		.global	DMA2_Stream2_IRQHandler
ARM GAS  C:\Users\kotaro\AppData\Local\Temp\cccDNy7b.s 			page 8


 227              		.syntax unified
 228              		.thumb
 229              		.thumb_func
 230              		.fpu fpv4-sp-d16
 232              	DMA2_Stream2_IRQHandler:
 233              	.LFB135:
 192:Src/stm32f4xx_it.c **** 
 193:Src/stm32f4xx_it.c **** /******************************************************************************/
 194:Src/stm32f4xx_it.c **** /* STM32F4xx Peripheral Interrupt Handlers                                    */
 195:Src/stm32f4xx_it.c **** /* Add here the Interrupt Handlers for the used peripherals.                  */
 196:Src/stm32f4xx_it.c **** /* For the available peripheral interrupt handler names,                      */
 197:Src/stm32f4xx_it.c **** /* please refer to the startup file (startup_stm32f4xx.s).                    */
 198:Src/stm32f4xx_it.c **** /******************************************************************************/
 199:Src/stm32f4xx_it.c **** 
 200:Src/stm32f4xx_it.c **** /**
 201:Src/stm32f4xx_it.c **** * @brief This function handles DMA2 stream2 global interrupt.
 202:Src/stm32f4xx_it.c **** */
 203:Src/stm32f4xx_it.c **** void DMA2_Stream2_IRQHandler(void)
 204:Src/stm32f4xx_it.c **** {
 234              		.loc 1 204 0
 235              		.cfi_startproc
 236              		@ args = 0, pretend = 0, frame = 0
 237              		@ frame_needed = 0, uses_anonymous_args = 0
 238 0000 08B5     		push	{r3, lr}
 239              	.LCFI1:
 240              		.cfi_def_cfa_offset 8
 241              		.cfi_offset 3, -8
 242              		.cfi_offset 14, -4
 205:Src/stm32f4xx_it.c ****   /* USER CODE BEGIN DMA2_Stream2_IRQn 0 */
 206:Src/stm32f4xx_it.c **** 
 207:Src/stm32f4xx_it.c ****   /* USER CODE END DMA2_Stream2_IRQn 0 */
 208:Src/stm32f4xx_it.c ****   HAL_DMA_IRQHandler(&hdma_adc2);
 243              		.loc 1 208 0
 244 0002 0248     		ldr	r0, .L17
 245 0004 FFF7FEFF 		bl	HAL_DMA_IRQHandler
 246              	.LVL6:
 209:Src/stm32f4xx_it.c ****   /* USER CODE BEGIN DMA2_Stream2_IRQn 1 */
 210:Src/stm32f4xx_it.c **** 
 211:Src/stm32f4xx_it.c ****   /* USER CODE END DMA2_Stream2_IRQn 1 */
 212:Src/stm32f4xx_it.c **** }
 247              		.loc 1 212 0
 248 0008 08BD     		pop	{r3, pc}
 249              	.L18:
 250 000a 00BF     		.align	2
 251              	.L17:
 252 000c 00000000 		.word	hdma_adc2
 253              		.cfi_endproc
 254              	.LFE135:
 256              		.section	.text.HAL_ADC_ConvHalfCpltCallback,"ax",%progbits
 257              		.align	1
 258              		.global	HAL_ADC_ConvHalfCpltCallback
 259              		.syntax unified
 260              		.thumb
 261              		.thumb_func
 262              		.fpu fpv4-sp-d16
 264              	HAL_ADC_ConvHalfCpltCallback:
 265              	.LFB136:
ARM GAS  C:\Users\kotaro\AppData\Local\Temp\cccDNy7b.s 			page 9


 213:Src/stm32f4xx_it.c **** 
 214:Src/stm32f4xx_it.c **** /* USER CODE BEGIN 1 */
 215:Src/stm32f4xx_it.c **** void HAL_ADC_ConvHalfCpltCallback(ADC_HandleTypeDef* hadc)
 216:Src/stm32f4xx_it.c **** {
 266              		.loc 1 216 0
 267              		.cfi_startproc
 268              		@ args = 0, pretend = 0, frame = 0
 269              		@ frame_needed = 0, uses_anonymous_args = 0
 270              	.LVL7:
 271 0000 08B5     		push	{r3, lr}
 272              	.LCFI2:
 273              		.cfi_def_cfa_offset 8
 274              		.cfi_offset 3, -8
 275              		.cfi_offset 14, -4
 217:Src/stm32f4xx_it.c ****   Adc_GetSensor();
 276              		.loc 1 217 0
 277 0002 FFF7FEFF 		bl	Adc_GetSensor
 278              	.LVL8:
 218:Src/stm32f4xx_it.c **** }
 279              		.loc 1 218 0
 280 0006 08BD     		pop	{r3, pc}
 281              		.cfi_endproc
 282              	.LFE136:
 284              		.text
 285              	.Letext0:
 286              		.file 2 "c:\\program files (x86)\\gnu tools arm embedded\\7 2017-q4-major\\arm-none-eabi\\include\
 287              		.file 3 "c:\\program files (x86)\\gnu tools arm embedded\\7 2017-q4-major\\arm-none-eabi\\include\
 288              		.file 4 "Drivers/CMSIS/Include/core_cm4.h"
 289              		.file 5 "Drivers/CMSIS/Device/ST/STM32F4xx/Include/system_stm32f4xx.h"
 290              		.file 6 "Drivers/CMSIS/Device/ST/STM32F4xx/Include/stm32f405xx.h"
 291              		.file 7 "c:\\program files (x86)\\gnu tools arm embedded\\7 2017-q4-major\\arm-none-eabi\\include\
 292              		.file 8 "c:\\program files (x86)\\gnu tools arm embedded\\7 2017-q4-major\\arm-none-eabi\\include\
 293              		.file 9 "c:\\program files (x86)\\gnu tools arm embedded\\7 2017-q4-major\\lib\\gcc\\arm-none-eabi
 294              		.file 10 "c:\\program files (x86)\\gnu tools arm embedded\\7 2017-q4-major\\arm-none-eabi\\include
 295              		.file 11 "Drivers/STM32F4xx_HAL_Driver/Inc/stm32f4xx_hal_def.h"
 296              		.file 12 "Drivers/STM32F4xx_HAL_Driver/Inc/stm32f4xx_hal_dma.h"
 297              		.file 13 "Drivers/STM32F4xx_HAL_Driver/Inc/stm32f4xx_hal_adc.h"
 298              		.file 14 "Drivers/STM32F4xx_HAL_Driver/Inc/stm32f4xx_hal_spi.h"
 299              		.file 15 "Drivers/STM32F4xx_HAL_Driver/Inc/stm32f4xx_hal_tim.h"
 300              		.file 16 "Inc/spi.h"
 301              		.file 17 "Inc/tim.h"
 302              		.file 18 "Inc/adc.h"
 303              		.file 19 "Drivers/STM32F4xx_HAL_Driver/Inc/stm32f4xx_hal.h"
 304              		.file 20 "Drivers/STM32F4xx_HAL_Driver/Inc/stm32f4xx_hal_cortex.h"
ARM GAS  C:\Users\kotaro\AppData\Local\Temp\cccDNy7b.s 			page 10


DEFINED SYMBOLS
                            *ABS*:00000000 stm32f4xx_it.c
C:\Users\kotaro\AppData\Local\Temp\cccDNy7b.s:18     .text.NMI_Handler:00000000 $t
C:\Users\kotaro\AppData\Local\Temp\cccDNy7b.s:25     .text.NMI_Handler:00000000 NMI_Handler
C:\Users\kotaro\AppData\Local\Temp\cccDNy7b.s:39     .text.HardFault_Handler:00000000 $t
C:\Users\kotaro\AppData\Local\Temp\cccDNy7b.s:46     .text.HardFault_Handler:00000000 HardFault_Handler
C:\Users\kotaro\AppData\Local\Temp\cccDNy7b.s:60     .text.MemManage_Handler:00000000 $t
C:\Users\kotaro\AppData\Local\Temp\cccDNy7b.s:67     .text.MemManage_Handler:00000000 MemManage_Handler
C:\Users\kotaro\AppData\Local\Temp\cccDNy7b.s:81     .text.BusFault_Handler:00000000 $t
C:\Users\kotaro\AppData\Local\Temp\cccDNy7b.s:88     .text.BusFault_Handler:00000000 BusFault_Handler
C:\Users\kotaro\AppData\Local\Temp\cccDNy7b.s:102    .text.UsageFault_Handler:00000000 $t
C:\Users\kotaro\AppData\Local\Temp\cccDNy7b.s:109    .text.UsageFault_Handler:00000000 UsageFault_Handler
C:\Users\kotaro\AppData\Local\Temp\cccDNy7b.s:123    .text.SVC_Handler:00000000 $t
C:\Users\kotaro\AppData\Local\Temp\cccDNy7b.s:130    .text.SVC_Handler:00000000 SVC_Handler
C:\Users\kotaro\AppData\Local\Temp\cccDNy7b.s:143    .text.DebugMon_Handler:00000000 $t
C:\Users\kotaro\AppData\Local\Temp\cccDNy7b.s:150    .text.DebugMon_Handler:00000000 DebugMon_Handler
C:\Users\kotaro\AppData\Local\Temp\cccDNy7b.s:163    .text.PendSV_Handler:00000000 $t
C:\Users\kotaro\AppData\Local\Temp\cccDNy7b.s:170    .text.PendSV_Handler:00000000 PendSV_Handler
C:\Users\kotaro\AppData\Local\Temp\cccDNy7b.s:183    .text.SysTick_Handler:00000000 $t
C:\Users\kotaro\AppData\Local\Temp\cccDNy7b.s:190    .text.SysTick_Handler:00000000 SysTick_Handler
C:\Users\kotaro\AppData\Local\Temp\cccDNy7b.s:225    .text.DMA2_Stream2_IRQHandler:00000000 $t
C:\Users\kotaro\AppData\Local\Temp\cccDNy7b.s:232    .text.DMA2_Stream2_IRQHandler:00000000 DMA2_Stream2_IRQHandler
C:\Users\kotaro\AppData\Local\Temp\cccDNy7b.s:252    .text.DMA2_Stream2_IRQHandler:0000000c $d
C:\Users\kotaro\AppData\Local\Temp\cccDNy7b.s:257    .text.HAL_ADC_ConvHalfCpltCallback:00000000 $t
C:\Users\kotaro\AppData\Local\Temp\cccDNy7b.s:264    .text.HAL_ADC_ConvHalfCpltCallback:00000000 HAL_ADC_ConvHalfCpltCallback

UNDEFINED SYMBOLS
HAL_IncTick
HAL_SYSTICK_IRQHandler
Update_gyro
Update_accel
Adc_CheckConvert
Tim_UpdateEncoder
HAL_DMA_IRQHandler
hdma_adc2
Adc_GetSensor
