ARM GAS  C:\Users\kotaro\AppData\Local\Temp\ccSxEgvM.s 			page 1


   1              		.cpu cortex-m4
   2              		.eabi_attribute 27, 1
   3              		.eabi_attribute 28, 1
   4              		.eabi_attribute 20, 1
   5              		.eabi_attribute 21, 1
   6              		.eabi_attribute 23, 3
   7              		.eabi_attribute 24, 1
   8              		.eabi_attribute 25, 1
   9              		.eabi_attribute 26, 1
  10              		.eabi_attribute 30, 1
  11              		.eabi_attribute 34, 1
  12              		.eabi_attribute 18, 4
  13              		.file	"tim.c"
  14              		.text
  15              	.Ltext0:
  16              		.cfi_sections	.debug_frame
  17              		.section	.text.MX_TIM1_Init,"ax",%progbits
  18              		.align	1
  19              		.global	MX_TIM1_Init
  20              		.syntax unified
  21              		.thumb
  22              		.thumb_func
  23              		.fpu fpv4-sp-d16
  25              	MX_TIM1_Init:
  26              	.LFB159:
  27              		.file 1 "Src/tim.c"
   1:Src/tim.c     **** /**
   2:Src/tim.c     ****   ******************************************************************************
   3:Src/tim.c     ****   * File Name          : TIM.c
   4:Src/tim.c     ****   * Description        : This file provides code for the configuration
   5:Src/tim.c     ****   *                      of the TIM instances.
   6:Src/tim.c     ****   ******************************************************************************
   7:Src/tim.c     ****   ** This notice applies to any and all portions of this file
   8:Src/tim.c     ****   * that are not between comment pairs USER CODE BEGIN and
   9:Src/tim.c     ****   * USER CODE END. Other portions of this file, whether 
  10:Src/tim.c     ****   * inserted by the user or by software development tools
  11:Src/tim.c     ****   * are owned by their respective copyright owners.
  12:Src/tim.c     ****   *
  13:Src/tim.c     ****   * COPYRIGHT(c) 2019 STMicroelectronics
  14:Src/tim.c     ****   *
  15:Src/tim.c     ****   * Redistribution and use in source and binary forms, with or without modification,
  16:Src/tim.c     ****   * are permitted provided that the following conditions are met:
  17:Src/tim.c     ****   *   1. Redistributions of source code must retain the above copyright notice,
  18:Src/tim.c     ****   *      this list of conditions and the following disclaimer.
  19:Src/tim.c     ****   *   2. Redistributions in binary form must reproduce the above copyright notice,
  20:Src/tim.c     ****   *      this list of conditions and the following disclaimer in the documentation
  21:Src/tim.c     ****   *      and/or other materials provided with the distribution.
  22:Src/tim.c     ****   *   3. Neither the name of STMicroelectronics nor the names of its contributors
  23:Src/tim.c     ****   *      may be used to endorse or promote products derived from this software
  24:Src/tim.c     ****   *      without specific prior written permission.
  25:Src/tim.c     ****   *
  26:Src/tim.c     ****   * THIS SOFTWARE IS PROVIDED BY THE COPYRIGHT HOLDERS AND CONTRIBUTORS "AS IS"
  27:Src/tim.c     ****   * AND ANY EXPRESS OR IMPLIED WARRANTIES, INCLUDING, BUT NOT LIMITED TO, THE
  28:Src/tim.c     ****   * IMPLIED WARRANTIES OF MERCHANTABILITY AND FITNESS FOR A PARTICULAR PURPOSE ARE
  29:Src/tim.c     ****   * DISCLAIMED. IN NO EVENT SHALL THE COPYRIGHT HOLDER OR CONTRIBUTORS BE LIABLE
  30:Src/tim.c     ****   * FOR ANY DIRECT, INDIRECT, INCIDENTAL, SPECIAL, EXEMPLARY, OR CONSEQUENTIAL
  31:Src/tim.c     ****   * DAMAGES (INCLUDING, BUT NOT LIMITED TO, PROCUREMENT OF SUBSTITUTE GOODS OR
ARM GAS  C:\Users\kotaro\AppData\Local\Temp\ccSxEgvM.s 			page 2


  32:Src/tim.c     ****   * SERVICES; LOSS OF USE, DATA, OR PROFITS; OR BUSINESS INTERRUPTION) HOWEVER
  33:Src/tim.c     ****   * CAUSED AND ON ANY THEORY OF LIABILITY, WHETHER IN CONTRACT, STRICT LIABILITY,
  34:Src/tim.c     ****   * OR TORT (INCLUDING NEGLIGENCE OR OTHERWISE) ARISING IN ANY WAY OUT OF THE USE
  35:Src/tim.c     ****   * OF THIS SOFTWARE, EVEN IF ADVISED OF THE POSSIBILITY OF SUCH DAMAGE.
  36:Src/tim.c     ****   *
  37:Src/tim.c     ****   ******************************************************************************
  38:Src/tim.c     ****   */
  39:Src/tim.c     **** 
  40:Src/tim.c     **** /* Includes ------------------------------------------------------------------*/
  41:Src/tim.c     **** #include "tim.h"
  42:Src/tim.c     **** 
  43:Src/tim.c     **** #include "gpio.h"
  44:Src/tim.c     **** 
  45:Src/tim.c     **** /* USER CODE BEGIN 0 */
  46:Src/tim.c     **** 
  47:Src/tim.c     **** //Includes
  48:Src/tim.c     **** #include "stdint.h"
  49:Src/tim.c     **** #include "arm_math.h"
  50:Src/tim.c     **** //variables
  51:Src/tim.c     **** TIM_MasterConfigTypeDef sMasterConfig;
  52:Src/tim.c     **** TIM_OC_InitTypeDef sConfigOC;
  53:Src/tim.c     **** enc_t enc;
  54:Src/tim.c     **** 
  55:Src/tim.c     **** /* USER CODE END 0 */
  56:Src/tim.c     **** 
  57:Src/tim.c     **** TIM_HandleTypeDef htim1;
  58:Src/tim.c     **** TIM_HandleTypeDef htim2;
  59:Src/tim.c     **** TIM_HandleTypeDef htim3;
  60:Src/tim.c     **** TIM_HandleTypeDef htim8;
  61:Src/tim.c     **** 
  62:Src/tim.c     **** /* TIM1 init function */
  63:Src/tim.c     **** void MX_TIM1_Init(void)
  64:Src/tim.c     **** {
  28              		.loc 1 64 0
  29              		.cfi_startproc
  30              		@ args = 0, pretend = 0, frame = 48
  31              		@ frame_needed = 0, uses_anonymous_args = 0
  32 0000 00B5     		push	{lr}
  33              	.LCFI0:
  34              		.cfi_def_cfa_offset 4
  35              		.cfi_offset 14, -4
  36 0002 8DB0     		sub	sp, sp, #52
  37              	.LCFI1:
  38              		.cfi_def_cfa_offset 56
  65:Src/tim.c     ****   TIM_Encoder_InitTypeDef sConfig;
  66:Src/tim.c     ****   TIM_MasterConfigTypeDef sMasterConfig;
  67:Src/tim.c     **** 
  68:Src/tim.c     ****   htim1.Instance = TIM1;
  39              		.loc 1 68 0
  40 0004 1648     		ldr	r0, .L7
  41 0006 174B     		ldr	r3, .L7+4
  42 0008 0360     		str	r3, [r0]
  69:Src/tim.c     ****   htim1.Init.Prescaler = 0;
  43              		.loc 1 69 0
  44 000a 0023     		movs	r3, #0
  45 000c 4360     		str	r3, [r0, #4]
  70:Src/tim.c     ****   htim1.Init.CounterMode = TIM_COUNTERMODE_UP;
ARM GAS  C:\Users\kotaro\AppData\Local\Temp\ccSxEgvM.s 			page 3


  46              		.loc 1 70 0
  47 000e 8360     		str	r3, [r0, #8]
  71:Src/tim.c     ****   htim1.Init.Period = 65535;
  48              		.loc 1 71 0
  49 0010 4FF6FF72 		movw	r2, #65535
  50 0014 C260     		str	r2, [r0, #12]
  72:Src/tim.c     ****   htim1.Init.ClockDivision = TIM_CLOCKDIVISION_DIV1;
  51              		.loc 1 72 0
  52 0016 0361     		str	r3, [r0, #16]
  73:Src/tim.c     ****   htim1.Init.RepetitionCounter = 0;
  53              		.loc 1 73 0
  54 0018 4361     		str	r3, [r0, #20]
  74:Src/tim.c     ****   sConfig.EncoderMode = TIM_ENCODERMODE_TI1;
  55              		.loc 1 74 0
  56 001a 0122     		movs	r2, #1
  57 001c 0392     		str	r2, [sp, #12]
  75:Src/tim.c     ****   sConfig.IC1Polarity = TIM_ICPOLARITY_RISING;
  58              		.loc 1 75 0
  59 001e 0493     		str	r3, [sp, #16]
  76:Src/tim.c     ****   sConfig.IC1Selection = TIM_ICSELECTION_DIRECTTI;
  60              		.loc 1 76 0
  61 0020 0592     		str	r2, [sp, #20]
  77:Src/tim.c     ****   sConfig.IC1Prescaler = TIM_ICPSC_DIV1;
  62              		.loc 1 77 0
  63 0022 0693     		str	r3, [sp, #24]
  78:Src/tim.c     ****   sConfig.IC1Filter = 0;
  64              		.loc 1 78 0
  65 0024 0793     		str	r3, [sp, #28]
  79:Src/tim.c     ****   sConfig.IC2Polarity = TIM_ICPOLARITY_RISING;
  66              		.loc 1 79 0
  67 0026 0893     		str	r3, [sp, #32]
  80:Src/tim.c     ****   sConfig.IC2Selection = TIM_ICSELECTION_DIRECTTI;
  68              		.loc 1 80 0
  69 0028 0992     		str	r2, [sp, #36]
  81:Src/tim.c     ****   sConfig.IC2Prescaler = TIM_ICPSC_DIV1;
  70              		.loc 1 81 0
  71 002a 0A93     		str	r3, [sp, #40]
  82:Src/tim.c     ****   sConfig.IC2Filter = 0;
  72              		.loc 1 82 0
  73 002c 0B93     		str	r3, [sp, #44]
  83:Src/tim.c     ****   if (HAL_TIM_Encoder_Init(&htim1, &sConfig) != HAL_OK)
  74              		.loc 1 83 0
  75 002e 03A9     		add	r1, sp, #12
  76 0030 FFF7FEFF 		bl	HAL_TIM_Encoder_Init
  77              	.LVL0:
  78 0034 50B9     		cbnz	r0, .L5
  79              	.L2:
  84:Src/tim.c     ****   {
  85:Src/tim.c     ****     _Error_Handler(__FILE__, __LINE__);
  86:Src/tim.c     ****   }
  87:Src/tim.c     **** 
  88:Src/tim.c     ****   sMasterConfig.MasterOutputTrigger = TIM_TRGO_RESET;
  80              		.loc 1 88 0
  81 0036 0023     		movs	r3, #0
  82 0038 0193     		str	r3, [sp, #4]
  89:Src/tim.c     ****   sMasterConfig.MasterSlaveMode = TIM_MASTERSLAVEMODE_DISABLE;
  83              		.loc 1 89 0
ARM GAS  C:\Users\kotaro\AppData\Local\Temp\ccSxEgvM.s 			page 4


  84 003a 0293     		str	r3, [sp, #8]
  90:Src/tim.c     ****   if (HAL_TIMEx_MasterConfigSynchronization(&htim1, &sMasterConfig) != HAL_OK)
  85              		.loc 1 90 0
  86 003c 01A9     		add	r1, sp, #4
  87 003e 0848     		ldr	r0, .L7
  88 0040 FFF7FEFF 		bl	HAL_TIMEx_MasterConfigSynchronization
  89              	.LVL1:
  90 0044 38B9     		cbnz	r0, .L6
  91              	.L1:
  91:Src/tim.c     ****   {
  92:Src/tim.c     ****     _Error_Handler(__FILE__, __LINE__);
  93:Src/tim.c     ****   }
  94:Src/tim.c     **** 
  95:Src/tim.c     **** }
  92              		.loc 1 95 0
  93 0046 0DB0     		add	sp, sp, #52
  94              	.LCFI2:
  95              		.cfi_remember_state
  96              		.cfi_def_cfa_offset 4
  97              		@ sp needed
  98 0048 5DF804FB 		ldr	pc, [sp], #4
  99              	.L5:
 100              	.LCFI3:
 101              		.cfi_restore_state
  85:Src/tim.c     ****   }
 102              		.loc 1 85 0
 103 004c 5521     		movs	r1, #85
 104 004e 0648     		ldr	r0, .L7+8
 105 0050 FFF7FEFF 		bl	_Error_Handler
 106              	.LVL2:
 107 0054 EFE7     		b	.L2
 108              	.L6:
  92:Src/tim.c     ****   }
 109              		.loc 1 92 0
 110 0056 5C21     		movs	r1, #92
 111 0058 0348     		ldr	r0, .L7+8
 112 005a FFF7FEFF 		bl	_Error_Handler
 113              	.LVL3:
 114              		.loc 1 95 0
 115 005e F2E7     		b	.L1
 116              	.L8:
 117              		.align	2
 118              	.L7:
 119 0060 00000000 		.word	htim1
 120 0064 00000140 		.word	1073807360
 121 0068 00000000 		.word	.LC0
 122              		.cfi_endproc
 123              	.LFE159:
 125              		.section	.text.MX_TIM8_Init,"ax",%progbits
 126              		.align	1
 127              		.global	MX_TIM8_Init
 128              		.syntax unified
 129              		.thumb
 130              		.thumb_func
 131              		.fpu fpv4-sp-d16
 133              	MX_TIM8_Init:
 134              	.LFB162:
ARM GAS  C:\Users\kotaro\AppData\Local\Temp\ccSxEgvM.s 			page 5


  96:Src/tim.c     **** /* TIM2 init function */
  97:Src/tim.c     **** void MX_TIM2_Init(void)
  98:Src/tim.c     **** {
  99:Src/tim.c     ****   TIM_MasterConfigTypeDef sMasterConfig;
 100:Src/tim.c     ****   TIM_OC_InitTypeDef sConfigOC;
 101:Src/tim.c     **** 
 102:Src/tim.c     ****   htim2.Instance = TIM2;
 103:Src/tim.c     ****   htim2.Init.Prescaler = 0;
 104:Src/tim.c     ****   htim2.Init.CounterMode = TIM_COUNTERMODE_UP;
 105:Src/tim.c     ****   htim2.Init.Period = 799;
 106:Src/tim.c     ****   htim2.Init.ClockDivision = TIM_CLOCKDIVISION_DIV1;
 107:Src/tim.c     ****   if (HAL_TIM_PWM_Init(&htim2) != HAL_OK)
 108:Src/tim.c     ****   {
 109:Src/tim.c     ****     _Error_Handler(__FILE__, __LINE__);
 110:Src/tim.c     ****   }
 111:Src/tim.c     **** 
 112:Src/tim.c     ****   sMasterConfig.MasterOutputTrigger = TIM_TRGO_RESET;
 113:Src/tim.c     ****   sMasterConfig.MasterSlaveMode = TIM_MASTERSLAVEMODE_DISABLE;
 114:Src/tim.c     ****   if (HAL_TIMEx_MasterConfigSynchronization(&htim2, &sMasterConfig) != HAL_OK)
 115:Src/tim.c     ****   {
 116:Src/tim.c     ****     _Error_Handler(__FILE__, __LINE__);
 117:Src/tim.c     ****   }
 118:Src/tim.c     **** 
 119:Src/tim.c     ****   sConfigOC.OCMode = TIM_OCMODE_PWM1;
 120:Src/tim.c     ****   sConfigOC.Pulse = 0;
 121:Src/tim.c     ****   sConfigOC.OCPolarity = TIM_OCPOLARITY_HIGH;
 122:Src/tim.c     ****   sConfigOC.OCFastMode = TIM_OCFAST_DISABLE;
 123:Src/tim.c     ****   if (HAL_TIM_PWM_ConfigChannel(&htim2, &sConfigOC, TIM_CHANNEL_1) != HAL_OK)
 124:Src/tim.c     ****   {
 125:Src/tim.c     ****     _Error_Handler(__FILE__, __LINE__);
 126:Src/tim.c     ****   }
 127:Src/tim.c     **** 
 128:Src/tim.c     ****   if (HAL_TIM_PWM_ConfigChannel(&htim2, &sConfigOC, TIM_CHANNEL_2) != HAL_OK)
 129:Src/tim.c     ****   {
 130:Src/tim.c     ****     _Error_Handler(__FILE__, __LINE__);
 131:Src/tim.c     ****   }
 132:Src/tim.c     **** 
 133:Src/tim.c     ****   HAL_TIM_MspPostInit(&htim2);
 134:Src/tim.c     **** 
 135:Src/tim.c     **** }
 136:Src/tim.c     **** /* TIM3 init function */
 137:Src/tim.c     **** void MX_TIM3_Init(void)
 138:Src/tim.c     **** {
 139:Src/tim.c     ****   TIM_MasterConfigTypeDef sMasterConfig;
 140:Src/tim.c     ****   TIM_OC_InitTypeDef sConfigOC;
 141:Src/tim.c     **** 
 142:Src/tim.c     ****   htim3.Instance = TIM3;
 143:Src/tim.c     ****   htim3.Init.Prescaler = 0;
 144:Src/tim.c     ****   htim3.Init.CounterMode = TIM_COUNTERMODE_UP;
 145:Src/tim.c     ****   htim3.Init.Period = 0;
 146:Src/tim.c     ****   htim3.Init.ClockDivision = TIM_CLOCKDIVISION_DIV1;
 147:Src/tim.c     ****   if (HAL_TIM_PWM_Init(&htim3) != HAL_OK)
 148:Src/tim.c     ****   {
 149:Src/tim.c     ****     _Error_Handler(__FILE__, __LINE__);
 150:Src/tim.c     ****   }
 151:Src/tim.c     **** 
 152:Src/tim.c     ****   sMasterConfig.MasterOutputTrigger = TIM_TRGO_RESET;
ARM GAS  C:\Users\kotaro\AppData\Local\Temp\ccSxEgvM.s 			page 6


 153:Src/tim.c     ****   sMasterConfig.MasterSlaveMode = TIM_MASTERSLAVEMODE_DISABLE;
 154:Src/tim.c     ****   if (HAL_TIMEx_MasterConfigSynchronization(&htim3, &sMasterConfig) != HAL_OK)
 155:Src/tim.c     ****   {
 156:Src/tim.c     ****     _Error_Handler(__FILE__, __LINE__);
 157:Src/tim.c     ****   }
 158:Src/tim.c     **** 
 159:Src/tim.c     ****   sConfigOC.OCMode = TIM_OCMODE_PWM1;
 160:Src/tim.c     ****   sConfigOC.Pulse = 0;
 161:Src/tim.c     ****   sConfigOC.OCPolarity = TIM_OCPOLARITY_HIGH;
 162:Src/tim.c     ****   sConfigOC.OCFastMode = TIM_OCFAST_DISABLE;
 163:Src/tim.c     ****   if (HAL_TIM_PWM_ConfigChannel(&htim3, &sConfigOC, TIM_CHANNEL_1) != HAL_OK)
 164:Src/tim.c     ****   {
 165:Src/tim.c     ****     _Error_Handler(__FILE__, __LINE__);
 166:Src/tim.c     ****   }
 167:Src/tim.c     **** 
 168:Src/tim.c     ****   if (HAL_TIM_PWM_ConfigChannel(&htim3, &sConfigOC, TIM_CHANNEL_2) != HAL_OK)
 169:Src/tim.c     ****   {
 170:Src/tim.c     ****     _Error_Handler(__FILE__, __LINE__);
 171:Src/tim.c     ****   }
 172:Src/tim.c     **** 
 173:Src/tim.c     ****   HAL_TIM_MspPostInit(&htim3);
 174:Src/tim.c     **** 
 175:Src/tim.c     **** }
 176:Src/tim.c     **** /* TIM8 init function */
 177:Src/tim.c     **** void MX_TIM8_Init(void)
 178:Src/tim.c     **** {
 135              		.loc 1 178 0
 136              		.cfi_startproc
 137              		@ args = 0, pretend = 0, frame = 48
 138              		@ frame_needed = 0, uses_anonymous_args = 0
 139 0000 00B5     		push	{lr}
 140              	.LCFI4:
 141              		.cfi_def_cfa_offset 4
 142              		.cfi_offset 14, -4
 143 0002 8DB0     		sub	sp, sp, #52
 144              	.LCFI5:
 145              		.cfi_def_cfa_offset 56
 179:Src/tim.c     ****   TIM_Encoder_InitTypeDef sConfig;
 180:Src/tim.c     ****   TIM_MasterConfigTypeDef sMasterConfig;
 181:Src/tim.c     **** 
 182:Src/tim.c     ****   htim8.Instance = TIM8;
 146              		.loc 1 182 0
 147 0004 1648     		ldr	r0, .L15
 148 0006 174B     		ldr	r3, .L15+4
 149 0008 0360     		str	r3, [r0]
 183:Src/tim.c     ****   htim8.Init.Prescaler = 0;
 150              		.loc 1 183 0
 151 000a 0023     		movs	r3, #0
 152 000c 4360     		str	r3, [r0, #4]
 184:Src/tim.c     ****   htim8.Init.CounterMode = TIM_COUNTERMODE_UP;
 153              		.loc 1 184 0
 154 000e 8360     		str	r3, [r0, #8]
 185:Src/tim.c     ****   htim8.Init.Period = 65535;
 155              		.loc 1 185 0
 156 0010 4FF6FF72 		movw	r2, #65535
 157 0014 C260     		str	r2, [r0, #12]
 186:Src/tim.c     ****   htim8.Init.ClockDivision = TIM_CLOCKDIVISION_DIV1;
ARM GAS  C:\Users\kotaro\AppData\Local\Temp\ccSxEgvM.s 			page 7


 158              		.loc 1 186 0
 159 0016 0361     		str	r3, [r0, #16]
 187:Src/tim.c     ****   htim8.Init.RepetitionCounter = 0;
 160              		.loc 1 187 0
 161 0018 4361     		str	r3, [r0, #20]
 188:Src/tim.c     ****   sConfig.EncoderMode = TIM_ENCODERMODE_TI1;
 162              		.loc 1 188 0
 163 001a 0122     		movs	r2, #1
 164 001c 0392     		str	r2, [sp, #12]
 189:Src/tim.c     ****   sConfig.IC1Polarity = TIM_ICPOLARITY_RISING;
 165              		.loc 1 189 0
 166 001e 0493     		str	r3, [sp, #16]
 190:Src/tim.c     ****   sConfig.IC1Selection = TIM_ICSELECTION_DIRECTTI;
 167              		.loc 1 190 0
 168 0020 0592     		str	r2, [sp, #20]
 191:Src/tim.c     ****   sConfig.IC1Prescaler = TIM_ICPSC_DIV1;
 169              		.loc 1 191 0
 170 0022 0693     		str	r3, [sp, #24]
 192:Src/tim.c     ****   sConfig.IC1Filter = 0;
 171              		.loc 1 192 0
 172 0024 0793     		str	r3, [sp, #28]
 193:Src/tim.c     ****   sConfig.IC2Polarity = TIM_ICPOLARITY_RISING;
 173              		.loc 1 193 0
 174 0026 0893     		str	r3, [sp, #32]
 194:Src/tim.c     ****   sConfig.IC2Selection = TIM_ICSELECTION_DIRECTTI;
 175              		.loc 1 194 0
 176 0028 0992     		str	r2, [sp, #36]
 195:Src/tim.c     ****   sConfig.IC2Prescaler = TIM_ICPSC_DIV1;
 177              		.loc 1 195 0
 178 002a 0A93     		str	r3, [sp, #40]
 196:Src/tim.c     ****   sConfig.IC2Filter = 0;
 179              		.loc 1 196 0
 180 002c 0B93     		str	r3, [sp, #44]
 197:Src/tim.c     ****   if (HAL_TIM_Encoder_Init(&htim8, &sConfig) != HAL_OK)
 181              		.loc 1 197 0
 182 002e 03A9     		add	r1, sp, #12
 183 0030 FFF7FEFF 		bl	HAL_TIM_Encoder_Init
 184              	.LVL4:
 185 0034 50B9     		cbnz	r0, .L13
 186              	.L10:
 198:Src/tim.c     ****   {
 199:Src/tim.c     ****     _Error_Handler(__FILE__, __LINE__);
 200:Src/tim.c     ****   }
 201:Src/tim.c     **** 
 202:Src/tim.c     ****   sMasterConfig.MasterOutputTrigger = TIM_TRGO_RESET;
 187              		.loc 1 202 0
 188 0036 0023     		movs	r3, #0
 189 0038 0193     		str	r3, [sp, #4]
 203:Src/tim.c     ****   sMasterConfig.MasterSlaveMode = TIM_MASTERSLAVEMODE_DISABLE;
 190              		.loc 1 203 0
 191 003a 0293     		str	r3, [sp, #8]
 204:Src/tim.c     ****   if (HAL_TIMEx_MasterConfigSynchronization(&htim8, &sMasterConfig) != HAL_OK)
 192              		.loc 1 204 0
 193 003c 01A9     		add	r1, sp, #4
 194 003e 0848     		ldr	r0, .L15
 195 0040 FFF7FEFF 		bl	HAL_TIMEx_MasterConfigSynchronization
 196              	.LVL5:
ARM GAS  C:\Users\kotaro\AppData\Local\Temp\ccSxEgvM.s 			page 8


 197 0044 38B9     		cbnz	r0, .L14
 198              	.L9:
 205:Src/tim.c     ****   {
 206:Src/tim.c     ****     _Error_Handler(__FILE__, __LINE__);
 207:Src/tim.c     ****   }
 208:Src/tim.c     **** 
 209:Src/tim.c     **** }
 199              		.loc 1 209 0
 200 0046 0DB0     		add	sp, sp, #52
 201              	.LCFI6:
 202              		.cfi_remember_state
 203              		.cfi_def_cfa_offset 4
 204              		@ sp needed
 205 0048 5DF804FB 		ldr	pc, [sp], #4
 206              	.L13:
 207              	.LCFI7:
 208              		.cfi_restore_state
 199:Src/tim.c     ****   }
 209              		.loc 1 199 0
 210 004c C721     		movs	r1, #199
 211 004e 0648     		ldr	r0, .L15+8
 212 0050 FFF7FEFF 		bl	_Error_Handler
 213              	.LVL6:
 214 0054 EFE7     		b	.L10
 215              	.L14:
 206:Src/tim.c     ****   }
 216              		.loc 1 206 0
 217 0056 CE21     		movs	r1, #206
 218 0058 0348     		ldr	r0, .L15+8
 219 005a FFF7FEFF 		bl	_Error_Handler
 220              	.LVL7:
 221              		.loc 1 209 0
 222 005e F2E7     		b	.L9
 223              	.L16:
 224              		.align	2
 225              	.L15:
 226 0060 00000000 		.word	htim8
 227 0064 00040140 		.word	1073808384
 228 0068 00000000 		.word	.LC0
 229              		.cfi_endproc
 230              	.LFE162:
 232              		.section	.text.HAL_TIM_Encoder_MspInit,"ax",%progbits
 233              		.align	1
 234              		.global	HAL_TIM_Encoder_MspInit
 235              		.syntax unified
 236              		.thumb
 237              		.thumb_func
 238              		.fpu fpv4-sp-d16
 240              	HAL_TIM_Encoder_MspInit:
 241              	.LFB163:
 210:Src/tim.c     **** 
 211:Src/tim.c     **** void HAL_TIM_Encoder_MspInit(TIM_HandleTypeDef* tim_encoderHandle)
 212:Src/tim.c     **** {
 242              		.loc 1 212 0
 243              		.cfi_startproc
 244              		@ args = 0, pretend = 0, frame = 32
 245              		@ frame_needed = 0, uses_anonymous_args = 0
ARM GAS  C:\Users\kotaro\AppData\Local\Temp\ccSxEgvM.s 			page 9


 246              	.LVL8:
 247 0000 00B5     		push	{lr}
 248              	.LCFI8:
 249              		.cfi_def_cfa_offset 4
 250              		.cfi_offset 14, -4
 251 0002 89B0     		sub	sp, sp, #36
 252              	.LCFI9:
 253              		.cfi_def_cfa_offset 40
 213:Src/tim.c     **** 
 214:Src/tim.c     ****   GPIO_InitTypeDef GPIO_InitStruct;
 215:Src/tim.c     ****   if(tim_encoderHandle->Instance==TIM1)
 254              		.loc 1 215 0
 255 0004 0368     		ldr	r3, [r0]
 256 0006 1F4A     		ldr	r2, .L23
 257 0008 9342     		cmp	r3, r2
 258 000a 05D0     		beq	.L21
 216:Src/tim.c     ****   {
 217:Src/tim.c     ****   /* USER CODE BEGIN TIM1_MspInit 0 */
 218:Src/tim.c     **** 
 219:Src/tim.c     ****   /* USER CODE END TIM1_MspInit 0 */
 220:Src/tim.c     ****     /* TIM1 clock enable */
 221:Src/tim.c     ****     __HAL_RCC_TIM1_CLK_ENABLE();
 222:Src/tim.c     ****   
 223:Src/tim.c     ****     /**TIM1 GPIO Configuration    
 224:Src/tim.c     ****     PA8     ------> TIM1_CH1
 225:Src/tim.c     ****     PA9     ------> TIM1_CH2 
 226:Src/tim.c     ****     */
 227:Src/tim.c     ****     GPIO_InitStruct.Pin = GPIO_PIN_8|GPIO_PIN_9;
 228:Src/tim.c     ****     GPIO_InitStruct.Mode = GPIO_MODE_AF_PP;
 229:Src/tim.c     ****     GPIO_InitStruct.Pull = GPIO_NOPULL;
 230:Src/tim.c     ****     GPIO_InitStruct.Speed = GPIO_SPEED_FREQ_LOW;
 231:Src/tim.c     ****     GPIO_InitStruct.Alternate = GPIO_AF1_TIM1;
 232:Src/tim.c     ****     HAL_GPIO_Init(GPIOA, &GPIO_InitStruct);
 233:Src/tim.c     **** 
 234:Src/tim.c     ****   /* USER CODE BEGIN TIM1_MspInit 1 */
 235:Src/tim.c     **** 
 236:Src/tim.c     ****   /* USER CODE END TIM1_MspInit 1 */
 237:Src/tim.c     ****   }
 238:Src/tim.c     ****   else if(tim_encoderHandle->Instance==TIM8)
 259              		.loc 1 238 0
 260 000c 1E4A     		ldr	r2, .L23+4
 261 000e 9342     		cmp	r3, r2
 262 0010 1DD0     		beq	.L22
 263              	.LVL9:
 264              	.L17:
 239:Src/tim.c     ****   {
 240:Src/tim.c     ****   /* USER CODE BEGIN TIM8_MspInit 0 */
 241:Src/tim.c     **** 
 242:Src/tim.c     ****   /* USER CODE END TIM8_MspInit 0 */
 243:Src/tim.c     ****     /* TIM8 clock enable */
 244:Src/tim.c     ****     __HAL_RCC_TIM8_CLK_ENABLE();
 245:Src/tim.c     ****   
 246:Src/tim.c     ****     /**TIM8 GPIO Configuration    
 247:Src/tim.c     ****     PC6     ------> TIM8_CH1
 248:Src/tim.c     ****     PC7     ------> TIM8_CH2 
 249:Src/tim.c     ****     */
 250:Src/tim.c     ****     GPIO_InitStruct.Pin = GPIO_PIN_6|GPIO_PIN_7;
ARM GAS  C:\Users\kotaro\AppData\Local\Temp\ccSxEgvM.s 			page 10


 251:Src/tim.c     ****     GPIO_InitStruct.Mode = GPIO_MODE_AF_PP;
 252:Src/tim.c     ****     GPIO_InitStruct.Pull = GPIO_NOPULL;
 253:Src/tim.c     ****     GPIO_InitStruct.Speed = GPIO_SPEED_FREQ_LOW;
 254:Src/tim.c     ****     GPIO_InitStruct.Alternate = GPIO_AF3_TIM8;
 255:Src/tim.c     ****     HAL_GPIO_Init(GPIOC, &GPIO_InitStruct);
 256:Src/tim.c     **** 
 257:Src/tim.c     ****   /* USER CODE BEGIN TIM8_MspInit 1 */
 258:Src/tim.c     **** 
 259:Src/tim.c     ****   /* USER CODE END TIM8_MspInit 1 */
 260:Src/tim.c     ****   }
 261:Src/tim.c     **** }
 265              		.loc 1 261 0
 266 0012 09B0     		add	sp, sp, #36
 267              	.LCFI10:
 268              		.cfi_remember_state
 269              		.cfi_def_cfa_offset 4
 270              		@ sp needed
 271 0014 5DF804FB 		ldr	pc, [sp], #4
 272              	.LVL10:
 273              	.L21:
 274              	.LCFI11:
 275              		.cfi_restore_state
 276              	.LBB2:
 221:Src/tim.c     ****   
 277              		.loc 1 221 0
 278 0018 0023     		movs	r3, #0
 279 001a 0193     		str	r3, [sp, #4]
 280 001c 02F59C32 		add	r2, r2, #79872
 281 0020 516C     		ldr	r1, [r2, #68]
 282 0022 41F00101 		orr	r1, r1, #1
 283 0026 5164     		str	r1, [r2, #68]
 284 0028 526C     		ldr	r2, [r2, #68]
 285 002a 02F00102 		and	r2, r2, #1
 286 002e 0192     		str	r2, [sp, #4]
 287 0030 019A     		ldr	r2, [sp, #4]
 288              	.LBE2:
 227:Src/tim.c     ****     GPIO_InitStruct.Mode = GPIO_MODE_AF_PP;
 289              		.loc 1 227 0
 290 0032 4FF44072 		mov	r2, #768
 291 0036 0392     		str	r2, [sp, #12]
 228:Src/tim.c     ****     GPIO_InitStruct.Pull = GPIO_NOPULL;
 292              		.loc 1 228 0
 293 0038 0222     		movs	r2, #2
 294 003a 0492     		str	r2, [sp, #16]
 229:Src/tim.c     ****     GPIO_InitStruct.Speed = GPIO_SPEED_FREQ_LOW;
 295              		.loc 1 229 0
 296 003c 0593     		str	r3, [sp, #20]
 230:Src/tim.c     ****     GPIO_InitStruct.Alternate = GPIO_AF1_TIM1;
 297              		.loc 1 230 0
 298 003e 0693     		str	r3, [sp, #24]
 231:Src/tim.c     ****     HAL_GPIO_Init(GPIOA, &GPIO_InitStruct);
 299              		.loc 1 231 0
 300 0040 0123     		movs	r3, #1
 301 0042 0793     		str	r3, [sp, #28]
 232:Src/tim.c     **** 
 302              		.loc 1 232 0
 303 0044 03A9     		add	r1, sp, #12
ARM GAS  C:\Users\kotaro\AppData\Local\Temp\ccSxEgvM.s 			page 11


 304 0046 1148     		ldr	r0, .L23+8
 305              	.LVL11:
 306 0048 FFF7FEFF 		bl	HAL_GPIO_Init
 307              	.LVL12:
 308 004c E1E7     		b	.L17
 309              	.LVL13:
 310              	.L22:
 311              	.LBB3:
 244:Src/tim.c     ****   
 312              		.loc 1 244 0
 313 004e 0023     		movs	r3, #0
 314 0050 0293     		str	r3, [sp, #8]
 315 0052 02F59A32 		add	r2, r2, #78848
 316 0056 516C     		ldr	r1, [r2, #68]
 317 0058 41F00201 		orr	r1, r1, #2
 318 005c 5164     		str	r1, [r2, #68]
 319 005e 526C     		ldr	r2, [r2, #68]
 320 0060 02F00202 		and	r2, r2, #2
 321 0064 0292     		str	r2, [sp, #8]
 322 0066 029A     		ldr	r2, [sp, #8]
 323              	.LBE3:
 250:Src/tim.c     ****     GPIO_InitStruct.Mode = GPIO_MODE_AF_PP;
 324              		.loc 1 250 0
 325 0068 C022     		movs	r2, #192
 326 006a 0392     		str	r2, [sp, #12]
 251:Src/tim.c     ****     GPIO_InitStruct.Pull = GPIO_NOPULL;
 327              		.loc 1 251 0
 328 006c 0222     		movs	r2, #2
 329 006e 0492     		str	r2, [sp, #16]
 252:Src/tim.c     ****     GPIO_InitStruct.Speed = GPIO_SPEED_FREQ_LOW;
 330              		.loc 1 252 0
 331 0070 0593     		str	r3, [sp, #20]
 253:Src/tim.c     ****     GPIO_InitStruct.Alternate = GPIO_AF3_TIM8;
 332              		.loc 1 253 0
 333 0072 0693     		str	r3, [sp, #24]
 254:Src/tim.c     ****     HAL_GPIO_Init(GPIOC, &GPIO_InitStruct);
 334              		.loc 1 254 0
 335 0074 0323     		movs	r3, #3
 336 0076 0793     		str	r3, [sp, #28]
 255:Src/tim.c     **** 
 337              		.loc 1 255 0
 338 0078 03A9     		add	r1, sp, #12
 339 007a 0548     		ldr	r0, .L23+12
 340              	.LVL14:
 341 007c FFF7FEFF 		bl	HAL_GPIO_Init
 342              	.LVL15:
 343              		.loc 1 261 0
 344 0080 C7E7     		b	.L17
 345              	.L24:
 346 0082 00BF     		.align	2
 347              	.L23:
 348 0084 00000140 		.word	1073807360
 349 0088 00040140 		.word	1073808384
 350 008c 00000240 		.word	1073872896
 351 0090 00080240 		.word	1073874944
 352              		.cfi_endproc
 353              	.LFE163:
ARM GAS  C:\Users\kotaro\AppData\Local\Temp\ccSxEgvM.s 			page 12


 355              		.section	.text.HAL_TIM_PWM_MspInit,"ax",%progbits
 356              		.align	1
 357              		.global	HAL_TIM_PWM_MspInit
 358              		.syntax unified
 359              		.thumb
 360              		.thumb_func
 361              		.fpu fpv4-sp-d16
 363              	HAL_TIM_PWM_MspInit:
 364              	.LFB164:
 262:Src/tim.c     **** 
 263:Src/tim.c     **** void HAL_TIM_PWM_MspInit(TIM_HandleTypeDef* tim_pwmHandle)
 264:Src/tim.c     **** {
 365              		.loc 1 264 0
 366              		.cfi_startproc
 367              		@ args = 0, pretend = 0, frame = 8
 368              		@ frame_needed = 0, uses_anonymous_args = 0
 369              		@ link register save eliminated.
 370              	.LVL16:
 371 0000 82B0     		sub	sp, sp, #8
 372              	.LCFI12:
 373              		.cfi_def_cfa_offset 8
 265:Src/tim.c     **** 
 266:Src/tim.c     ****   if(tim_pwmHandle->Instance==TIM2)
 374              		.loc 1 266 0
 375 0002 0368     		ldr	r3, [r0]
 376 0004 B3F1804F 		cmp	r3, #1073741824
 377 0008 04D0     		beq	.L29
 267:Src/tim.c     ****   {
 268:Src/tim.c     ****   /* USER CODE BEGIN TIM2_MspInit 0 */
 269:Src/tim.c     **** 
 270:Src/tim.c     ****   /* USER CODE END TIM2_MspInit 0 */
 271:Src/tim.c     ****     /* TIM2 clock enable */
 272:Src/tim.c     ****     __HAL_RCC_TIM2_CLK_ENABLE();
 273:Src/tim.c     ****   /* USER CODE BEGIN TIM2_MspInit 1 */
 274:Src/tim.c     **** 
 275:Src/tim.c     ****   /* USER CODE END TIM2_MspInit 1 */
 276:Src/tim.c     ****   }
 277:Src/tim.c     ****   else if(tim_pwmHandle->Instance==TIM3)
 378              		.loc 1 277 0
 379 000a 0F4A     		ldr	r2, .L31
 380 000c 9342     		cmp	r3, r2
 381 000e 0ED0     		beq	.L30
 382              	.L25:
 278:Src/tim.c     ****   {
 279:Src/tim.c     ****   /* USER CODE BEGIN TIM3_MspInit 0 */
 280:Src/tim.c     **** 
 281:Src/tim.c     ****   /* USER CODE END TIM3_MspInit 0 */
 282:Src/tim.c     ****     /* TIM3 clock enable */
 283:Src/tim.c     ****     __HAL_RCC_TIM3_CLK_ENABLE();
 284:Src/tim.c     ****   /* USER CODE BEGIN TIM3_MspInit 1 */
 285:Src/tim.c     **** 
 286:Src/tim.c     ****   /* USER CODE END TIM3_MspInit 1 */
 287:Src/tim.c     ****   }
 288:Src/tim.c     **** }
 383              		.loc 1 288 0
 384 0010 02B0     		add	sp, sp, #8
 385              	.LCFI13:
ARM GAS  C:\Users\kotaro\AppData\Local\Temp\ccSxEgvM.s 			page 13


 386              		.cfi_remember_state
 387              		.cfi_def_cfa_offset 0
 388              		@ sp needed
 389 0012 7047     		bx	lr
 390              	.L29:
 391              	.LCFI14:
 392              		.cfi_restore_state
 393              	.LBB4:
 272:Src/tim.c     ****   /* USER CODE BEGIN TIM2_MspInit 1 */
 394              		.loc 1 272 0
 395 0014 0023     		movs	r3, #0
 396 0016 0093     		str	r3, [sp]
 397 0018 0C4B     		ldr	r3, .L31+4
 398 001a 1A6C     		ldr	r2, [r3, #64]
 399 001c 42F00102 		orr	r2, r2, #1
 400 0020 1A64     		str	r2, [r3, #64]
 401 0022 1B6C     		ldr	r3, [r3, #64]
 402 0024 03F00103 		and	r3, r3, #1
 403 0028 0093     		str	r3, [sp]
 404 002a 009B     		ldr	r3, [sp]
 405              	.LBE4:
 406 002c F0E7     		b	.L25
 407              	.L30:
 408              	.LBB5:
 283:Src/tim.c     ****   /* USER CODE BEGIN TIM3_MspInit 1 */
 409              		.loc 1 283 0
 410 002e 0023     		movs	r3, #0
 411 0030 0193     		str	r3, [sp, #4]
 412 0032 064B     		ldr	r3, .L31+4
 413 0034 1A6C     		ldr	r2, [r3, #64]
 414 0036 42F00202 		orr	r2, r2, #2
 415 003a 1A64     		str	r2, [r3, #64]
 416 003c 1B6C     		ldr	r3, [r3, #64]
 417 003e 03F00203 		and	r3, r3, #2
 418 0042 0193     		str	r3, [sp, #4]
 419 0044 019B     		ldr	r3, [sp, #4]
 420              	.LBE5:
 421              		.loc 1 288 0
 422 0046 E3E7     		b	.L25
 423              	.L32:
 424              		.align	2
 425              	.L31:
 426 0048 00040040 		.word	1073742848
 427 004c 00380240 		.word	1073887232
 428              		.cfi_endproc
 429              	.LFE164:
 431              		.section	.text.HAL_TIM_MspPostInit,"ax",%progbits
 432              		.align	1
 433              		.global	HAL_TIM_MspPostInit
 434              		.syntax unified
 435              		.thumb
 436              		.thumb_func
 437              		.fpu fpv4-sp-d16
 439              	HAL_TIM_MspPostInit:
 440              	.LFB165:
 289:Src/tim.c     **** void HAL_TIM_MspPostInit(TIM_HandleTypeDef* timHandle)
 290:Src/tim.c     **** {
ARM GAS  C:\Users\kotaro\AppData\Local\Temp\ccSxEgvM.s 			page 14


 441              		.loc 1 290 0
 442              		.cfi_startproc
 443              		@ args = 0, pretend = 0, frame = 24
 444              		@ frame_needed = 0, uses_anonymous_args = 0
 445              	.LVL17:
 446 0000 70B5     		push	{r4, r5, r6, lr}
 447              	.LCFI15:
 448              		.cfi_def_cfa_offset 16
 449              		.cfi_offset 4, -16
 450              		.cfi_offset 5, -12
 451              		.cfi_offset 6, -8
 452              		.cfi_offset 14, -4
 453 0002 86B0     		sub	sp, sp, #24
 454              	.LCFI16:
 455              		.cfi_def_cfa_offset 40
 291:Src/tim.c     **** 
 292:Src/tim.c     ****   GPIO_InitTypeDef GPIO_InitStruct;
 293:Src/tim.c     ****   if(timHandle->Instance==TIM2)
 456              		.loc 1 293 0
 457 0004 0368     		ldr	r3, [r0]
 458 0006 B3F1804F 		cmp	r3, #1073741824
 459 000a 04D0     		beq	.L37
 294:Src/tim.c     ****   {
 295:Src/tim.c     ****   /* USER CODE BEGIN TIM2_MspPostInit 0 */
 296:Src/tim.c     **** 
 297:Src/tim.c     ****   /* USER CODE END TIM2_MspPostInit 0 */
 298:Src/tim.c     ****     /**TIM2 GPIO Configuration    
 299:Src/tim.c     ****     PA15     ------> TIM2_CH1
 300:Src/tim.c     ****     PB3     ------> TIM2_CH2 
 301:Src/tim.c     ****     */
 302:Src/tim.c     ****     GPIO_InitStruct.Pin = GPIO_PIN_15;
 303:Src/tim.c     ****     GPIO_InitStruct.Mode = GPIO_MODE_AF_PP;
 304:Src/tim.c     ****     GPIO_InitStruct.Pull = GPIO_NOPULL;
 305:Src/tim.c     ****     GPIO_InitStruct.Speed = GPIO_SPEED_FREQ_LOW;
 306:Src/tim.c     ****     GPIO_InitStruct.Alternate = GPIO_AF1_TIM2;
 307:Src/tim.c     ****     HAL_GPIO_Init(GPIOA, &GPIO_InitStruct);
 308:Src/tim.c     **** 
 309:Src/tim.c     ****     GPIO_InitStruct.Pin = GPIO_PIN_3;
 310:Src/tim.c     ****     GPIO_InitStruct.Mode = GPIO_MODE_AF_PP;
 311:Src/tim.c     ****     GPIO_InitStruct.Pull = GPIO_NOPULL;
 312:Src/tim.c     ****     GPIO_InitStruct.Speed = GPIO_SPEED_FREQ_LOW;
 313:Src/tim.c     ****     GPIO_InitStruct.Alternate = GPIO_AF1_TIM2;
 314:Src/tim.c     ****     HAL_GPIO_Init(GPIOB, &GPIO_InitStruct);
 315:Src/tim.c     **** 
 316:Src/tim.c     ****   /* USER CODE BEGIN TIM2_MspPostInit 1 */
 317:Src/tim.c     **** 
 318:Src/tim.c     ****   /* USER CODE END TIM2_MspPostInit 1 */
 319:Src/tim.c     ****   }
 320:Src/tim.c     ****   else if(timHandle->Instance==TIM3)
 460              		.loc 1 320 0
 461 000c 154A     		ldr	r2, .L39
 462 000e 9342     		cmp	r3, r2
 463 0010 1AD0     		beq	.L38
 464              	.LVL18:
 465              	.L33:
 321:Src/tim.c     ****   {
 322:Src/tim.c     ****   /* USER CODE BEGIN TIM3_MspPostInit 0 */
ARM GAS  C:\Users\kotaro\AppData\Local\Temp\ccSxEgvM.s 			page 15


 323:Src/tim.c     **** 
 324:Src/tim.c     ****   /* USER CODE END TIM3_MspPostInit 0 */
 325:Src/tim.c     ****   
 326:Src/tim.c     ****     /**TIM3 GPIO Configuration    
 327:Src/tim.c     ****     PB4     ------> TIM3_CH1
 328:Src/tim.c     ****     PB5     ------> TIM3_CH2 
 329:Src/tim.c     ****     */
 330:Src/tim.c     ****     GPIO_InitStruct.Pin = GPIO_PIN_4|GPIO_PIN_5;
 331:Src/tim.c     ****     GPIO_InitStruct.Mode = GPIO_MODE_AF_PP;
 332:Src/tim.c     ****     GPIO_InitStruct.Pull = GPIO_NOPULL;
 333:Src/tim.c     ****     GPIO_InitStruct.Speed = GPIO_SPEED_FREQ_LOW;
 334:Src/tim.c     ****     GPIO_InitStruct.Alternate = GPIO_AF2_TIM3;
 335:Src/tim.c     ****     HAL_GPIO_Init(GPIOB, &GPIO_InitStruct);
 336:Src/tim.c     **** 
 337:Src/tim.c     ****   /* USER CODE BEGIN TIM3_MspPostInit 1 */
 338:Src/tim.c     **** 
 339:Src/tim.c     ****   /* USER CODE END TIM3_MspPostInit 1 */
 340:Src/tim.c     ****   }
 341:Src/tim.c     **** 
 342:Src/tim.c     **** }
 466              		.loc 1 342 0
 467 0012 06B0     		add	sp, sp, #24
 468              	.LCFI17:
 469              		.cfi_remember_state
 470              		.cfi_def_cfa_offset 16
 471              		@ sp needed
 472 0014 70BD     		pop	{r4, r5, r6, pc}
 473              	.LVL19:
 474              	.L37:
 475              	.LCFI18:
 476              		.cfi_restore_state
 302:Src/tim.c     ****     GPIO_InitStruct.Mode = GPIO_MODE_AF_PP;
 477              		.loc 1 302 0
 478 0016 4FF40043 		mov	r3, #32768
 479 001a 0193     		str	r3, [sp, #4]
 303:Src/tim.c     ****     GPIO_InitStruct.Pull = GPIO_NOPULL;
 480              		.loc 1 303 0
 481 001c 0226     		movs	r6, #2
 482 001e 0296     		str	r6, [sp, #8]
 304:Src/tim.c     ****     GPIO_InitStruct.Speed = GPIO_SPEED_FREQ_LOW;
 483              		.loc 1 304 0
 484 0020 0024     		movs	r4, #0
 485 0022 0394     		str	r4, [sp, #12]
 305:Src/tim.c     ****     GPIO_InitStruct.Alternate = GPIO_AF1_TIM2;
 486              		.loc 1 305 0
 487 0024 0494     		str	r4, [sp, #16]
 306:Src/tim.c     ****     HAL_GPIO_Init(GPIOA, &GPIO_InitStruct);
 488              		.loc 1 306 0
 489 0026 0125     		movs	r5, #1
 490 0028 0595     		str	r5, [sp, #20]
 307:Src/tim.c     **** 
 491              		.loc 1 307 0
 492 002a 01A9     		add	r1, sp, #4
 493 002c 0E48     		ldr	r0, .L39+4
 494              	.LVL20:
 495 002e FFF7FEFF 		bl	HAL_GPIO_Init
 496              	.LVL21:
ARM GAS  C:\Users\kotaro\AppData\Local\Temp\ccSxEgvM.s 			page 16


 309:Src/tim.c     ****     GPIO_InitStruct.Mode = GPIO_MODE_AF_PP;
 497              		.loc 1 309 0
 498 0032 0823     		movs	r3, #8
 499 0034 0193     		str	r3, [sp, #4]
 310:Src/tim.c     ****     GPIO_InitStruct.Pull = GPIO_NOPULL;
 500              		.loc 1 310 0
 501 0036 0296     		str	r6, [sp, #8]
 311:Src/tim.c     ****     GPIO_InitStruct.Speed = GPIO_SPEED_FREQ_LOW;
 502              		.loc 1 311 0
 503 0038 0394     		str	r4, [sp, #12]
 312:Src/tim.c     ****     GPIO_InitStruct.Alternate = GPIO_AF1_TIM2;
 504              		.loc 1 312 0
 505 003a 0494     		str	r4, [sp, #16]
 313:Src/tim.c     ****     HAL_GPIO_Init(GPIOB, &GPIO_InitStruct);
 506              		.loc 1 313 0
 507 003c 0595     		str	r5, [sp, #20]
 314:Src/tim.c     **** 
 508              		.loc 1 314 0
 509 003e 01A9     		add	r1, sp, #4
 510 0040 0A48     		ldr	r0, .L39+8
 511 0042 FFF7FEFF 		bl	HAL_GPIO_Init
 512              	.LVL22:
 513 0046 E4E7     		b	.L33
 514              	.LVL23:
 515              	.L38:
 330:Src/tim.c     ****     GPIO_InitStruct.Mode = GPIO_MODE_AF_PP;
 516              		.loc 1 330 0
 517 0048 3023     		movs	r3, #48
 518 004a 0193     		str	r3, [sp, #4]
 331:Src/tim.c     ****     GPIO_InitStruct.Pull = GPIO_NOPULL;
 519              		.loc 1 331 0
 520 004c 0223     		movs	r3, #2
 521 004e 0293     		str	r3, [sp, #8]
 332:Src/tim.c     ****     GPIO_InitStruct.Speed = GPIO_SPEED_FREQ_LOW;
 522              		.loc 1 332 0
 523 0050 0022     		movs	r2, #0
 524 0052 0392     		str	r2, [sp, #12]
 333:Src/tim.c     ****     GPIO_InitStruct.Alternate = GPIO_AF2_TIM3;
 525              		.loc 1 333 0
 526 0054 0492     		str	r2, [sp, #16]
 334:Src/tim.c     ****     HAL_GPIO_Init(GPIOB, &GPIO_InitStruct);
 527              		.loc 1 334 0
 528 0056 0593     		str	r3, [sp, #20]
 335:Src/tim.c     **** 
 529              		.loc 1 335 0
 530 0058 01A9     		add	r1, sp, #4
 531 005a 0448     		ldr	r0, .L39+8
 532              	.LVL24:
 533 005c FFF7FEFF 		bl	HAL_GPIO_Init
 534              	.LVL25:
 535              		.loc 1 342 0
 536 0060 D7E7     		b	.L33
 537              	.L40:
 538 0062 00BF     		.align	2
 539              	.L39:
 540 0064 00040040 		.word	1073742848
 541 0068 00000240 		.word	1073872896
ARM GAS  C:\Users\kotaro\AppData\Local\Temp\ccSxEgvM.s 			page 17


 542 006c 00040240 		.word	1073873920
 543              		.cfi_endproc
 544              	.LFE165:
 546              		.section	.text.MX_TIM2_Init,"ax",%progbits
 547              		.align	1
 548              		.global	MX_TIM2_Init
 549              		.syntax unified
 550              		.thumb
 551              		.thumb_func
 552              		.fpu fpv4-sp-d16
 554              	MX_TIM2_Init:
 555              	.LFB160:
  98:Src/tim.c     ****   TIM_MasterConfigTypeDef sMasterConfig;
 556              		.loc 1 98 0
 557              		.cfi_startproc
 558              		@ args = 0, pretend = 0, frame = 40
 559              		@ frame_needed = 0, uses_anonymous_args = 0
 560 0000 00B5     		push	{lr}
 561              	.LCFI19:
 562              		.cfi_def_cfa_offset 4
 563              		.cfi_offset 14, -4
 564 0002 8BB0     		sub	sp, sp, #44
 565              	.LCFI20:
 566              		.cfi_def_cfa_offset 48
 102:Src/tim.c     ****   htim2.Init.Prescaler = 0;
 567              		.loc 1 102 0
 568 0004 2048     		ldr	r0, .L51
 569 0006 4FF08043 		mov	r3, #1073741824
 570 000a 0360     		str	r3, [r0]
 103:Src/tim.c     ****   htim2.Init.CounterMode = TIM_COUNTERMODE_UP;
 571              		.loc 1 103 0
 572 000c 0023     		movs	r3, #0
 573 000e 4360     		str	r3, [r0, #4]
 104:Src/tim.c     ****   htim2.Init.Period = 799;
 574              		.loc 1 104 0
 575 0010 8360     		str	r3, [r0, #8]
 105:Src/tim.c     ****   htim2.Init.ClockDivision = TIM_CLOCKDIVISION_DIV1;
 576              		.loc 1 105 0
 577 0012 40F21F32 		movw	r2, #799
 578 0016 C260     		str	r2, [r0, #12]
 106:Src/tim.c     ****   if (HAL_TIM_PWM_Init(&htim2) != HAL_OK)
 579              		.loc 1 106 0
 580 0018 0361     		str	r3, [r0, #16]
 107:Src/tim.c     ****   {
 581              		.loc 1 107 0
 582 001a FFF7FEFF 		bl	HAL_TIM_PWM_Init
 583              	.LVL26:
 584 001e F8B9     		cbnz	r0, .L47
 585              	.L42:
 112:Src/tim.c     ****   sMasterConfig.MasterSlaveMode = TIM_MASTERSLAVEMODE_DISABLE;
 586              		.loc 1 112 0
 587 0020 0023     		movs	r3, #0
 588 0022 0893     		str	r3, [sp, #32]
 113:Src/tim.c     ****   if (HAL_TIMEx_MasterConfigSynchronization(&htim2, &sMasterConfig) != HAL_OK)
 589              		.loc 1 113 0
 590 0024 0993     		str	r3, [sp, #36]
 114:Src/tim.c     ****   {
ARM GAS  C:\Users\kotaro\AppData\Local\Temp\ccSxEgvM.s 			page 18


 591              		.loc 1 114 0
 592 0026 08A9     		add	r1, sp, #32
 593 0028 1748     		ldr	r0, .L51
 594 002a FFF7FEFF 		bl	HAL_TIMEx_MasterConfigSynchronization
 595              	.LVL27:
 596 002e E0B9     		cbnz	r0, .L48
 597              	.L43:
 119:Src/tim.c     ****   sConfigOC.Pulse = 0;
 598              		.loc 1 119 0
 599 0030 6023     		movs	r3, #96
 600 0032 0193     		str	r3, [sp, #4]
 120:Src/tim.c     ****   sConfigOC.OCPolarity = TIM_OCPOLARITY_HIGH;
 601              		.loc 1 120 0
 602 0034 0022     		movs	r2, #0
 603 0036 0292     		str	r2, [sp, #8]
 121:Src/tim.c     ****   sConfigOC.OCFastMode = TIM_OCFAST_DISABLE;
 604              		.loc 1 121 0
 605 0038 0392     		str	r2, [sp, #12]
 122:Src/tim.c     ****   if (HAL_TIM_PWM_ConfigChannel(&htim2, &sConfigOC, TIM_CHANNEL_1) != HAL_OK)
 606              		.loc 1 122 0
 607 003a 0592     		str	r2, [sp, #20]
 123:Src/tim.c     ****   {
 608              		.loc 1 123 0
 609 003c 01A9     		add	r1, sp, #4
 610 003e 1248     		ldr	r0, .L51
 611 0040 FFF7FEFF 		bl	HAL_TIM_PWM_ConfigChannel
 612              	.LVL28:
 613 0044 B0B9     		cbnz	r0, .L49
 614              	.L44:
 128:Src/tim.c     ****   {
 615              		.loc 1 128 0
 616 0046 0422     		movs	r2, #4
 617 0048 0DEB0201 		add	r1, sp, r2
 618 004c 0E48     		ldr	r0, .L51
 619 004e FFF7FEFF 		bl	HAL_TIM_PWM_ConfigChannel
 620              	.LVL29:
 621 0052 A0B9     		cbnz	r0, .L50
 622              	.L45:
 133:Src/tim.c     **** 
 623              		.loc 1 133 0
 624 0054 0C48     		ldr	r0, .L51
 625 0056 FFF7FEFF 		bl	HAL_TIM_MspPostInit
 626              	.LVL30:
 135:Src/tim.c     **** /* TIM3 init function */
 627              		.loc 1 135 0
 628 005a 0BB0     		add	sp, sp, #44
 629              	.LCFI21:
 630              		.cfi_remember_state
 631              		.cfi_def_cfa_offset 4
 632              		@ sp needed
 633 005c 5DF804FB 		ldr	pc, [sp], #4
 634              	.L47:
 635              	.LCFI22:
 636              		.cfi_restore_state
 109:Src/tim.c     ****   }
 637              		.loc 1 109 0
 638 0060 6D21     		movs	r1, #109
ARM GAS  C:\Users\kotaro\AppData\Local\Temp\ccSxEgvM.s 			page 19


 639 0062 0A48     		ldr	r0, .L51+4
 640 0064 FFF7FEFF 		bl	_Error_Handler
 641              	.LVL31:
 642 0068 DAE7     		b	.L42
 643              	.L48:
 116:Src/tim.c     ****   }
 644              		.loc 1 116 0
 645 006a 7421     		movs	r1, #116
 646 006c 0748     		ldr	r0, .L51+4
 647 006e FFF7FEFF 		bl	_Error_Handler
 648              	.LVL32:
 649 0072 DDE7     		b	.L43
 650              	.L49:
 125:Src/tim.c     ****   }
 651              		.loc 1 125 0
 652 0074 7D21     		movs	r1, #125
 653 0076 0548     		ldr	r0, .L51+4
 654 0078 FFF7FEFF 		bl	_Error_Handler
 655              	.LVL33:
 656 007c E3E7     		b	.L44
 657              	.L50:
 130:Src/tim.c     ****   }
 658              		.loc 1 130 0
 659 007e 8221     		movs	r1, #130
 660 0080 0248     		ldr	r0, .L51+4
 661 0082 FFF7FEFF 		bl	_Error_Handler
 662              	.LVL34:
 663 0086 E5E7     		b	.L45
 664              	.L52:
 665              		.align	2
 666              	.L51:
 667 0088 00000000 		.word	htim2
 668 008c 00000000 		.word	.LC0
 669              		.cfi_endproc
 670              	.LFE160:
 672              		.section	.text.MX_TIM3_Init,"ax",%progbits
 673              		.align	1
 674              		.global	MX_TIM3_Init
 675              		.syntax unified
 676              		.thumb
 677              		.thumb_func
 678              		.fpu fpv4-sp-d16
 680              	MX_TIM3_Init:
 681              	.LFB161:
 138:Src/tim.c     ****   TIM_MasterConfigTypeDef sMasterConfig;
 682              		.loc 1 138 0
 683              		.cfi_startproc
 684              		@ args = 0, pretend = 0, frame = 40
 685              		@ frame_needed = 0, uses_anonymous_args = 0
 686 0000 00B5     		push	{lr}
 687              	.LCFI23:
 688              		.cfi_def_cfa_offset 4
 689              		.cfi_offset 14, -4
 690 0002 8BB0     		sub	sp, sp, #44
 691              	.LCFI24:
 692              		.cfi_def_cfa_offset 48
 142:Src/tim.c     ****   htim3.Init.Prescaler = 0;
ARM GAS  C:\Users\kotaro\AppData\Local\Temp\ccSxEgvM.s 			page 20


 693              		.loc 1 142 0
 694 0004 1F48     		ldr	r0, .L63
 695 0006 204B     		ldr	r3, .L63+4
 696 0008 0360     		str	r3, [r0]
 143:Src/tim.c     ****   htim3.Init.CounterMode = TIM_COUNTERMODE_UP;
 697              		.loc 1 143 0
 698 000a 0023     		movs	r3, #0
 699 000c 4360     		str	r3, [r0, #4]
 144:Src/tim.c     ****   htim3.Init.Period = 0;
 700              		.loc 1 144 0
 701 000e 8360     		str	r3, [r0, #8]
 145:Src/tim.c     ****   htim3.Init.ClockDivision = TIM_CLOCKDIVISION_DIV1;
 702              		.loc 1 145 0
 703 0010 C360     		str	r3, [r0, #12]
 146:Src/tim.c     ****   if (HAL_TIM_PWM_Init(&htim3) != HAL_OK)
 704              		.loc 1 146 0
 705 0012 0361     		str	r3, [r0, #16]
 147:Src/tim.c     ****   {
 706              		.loc 1 147 0
 707 0014 FFF7FEFF 		bl	HAL_TIM_PWM_Init
 708              	.LVL35:
 709 0018 F8B9     		cbnz	r0, .L59
 710              	.L54:
 152:Src/tim.c     ****   sMasterConfig.MasterSlaveMode = TIM_MASTERSLAVEMODE_DISABLE;
 711              		.loc 1 152 0
 712 001a 0023     		movs	r3, #0
 713 001c 0893     		str	r3, [sp, #32]
 153:Src/tim.c     ****   if (HAL_TIMEx_MasterConfigSynchronization(&htim3, &sMasterConfig) != HAL_OK)
 714              		.loc 1 153 0
 715 001e 0993     		str	r3, [sp, #36]
 154:Src/tim.c     ****   {
 716              		.loc 1 154 0
 717 0020 08A9     		add	r1, sp, #32
 718 0022 1848     		ldr	r0, .L63
 719 0024 FFF7FEFF 		bl	HAL_TIMEx_MasterConfigSynchronization
 720              	.LVL36:
 721 0028 E0B9     		cbnz	r0, .L60
 722              	.L55:
 159:Src/tim.c     ****   sConfigOC.Pulse = 0;
 723              		.loc 1 159 0
 724 002a 6023     		movs	r3, #96
 725 002c 0193     		str	r3, [sp, #4]
 160:Src/tim.c     ****   sConfigOC.OCPolarity = TIM_OCPOLARITY_HIGH;
 726              		.loc 1 160 0
 727 002e 0022     		movs	r2, #0
 728 0030 0292     		str	r2, [sp, #8]
 161:Src/tim.c     ****   sConfigOC.OCFastMode = TIM_OCFAST_DISABLE;
 729              		.loc 1 161 0
 730 0032 0392     		str	r2, [sp, #12]
 162:Src/tim.c     ****   if (HAL_TIM_PWM_ConfigChannel(&htim3, &sConfigOC, TIM_CHANNEL_1) != HAL_OK)
 731              		.loc 1 162 0
 732 0034 0592     		str	r2, [sp, #20]
 163:Src/tim.c     ****   {
 733              		.loc 1 163 0
 734 0036 01A9     		add	r1, sp, #4
 735 0038 1248     		ldr	r0, .L63
 736 003a FFF7FEFF 		bl	HAL_TIM_PWM_ConfigChannel
ARM GAS  C:\Users\kotaro\AppData\Local\Temp\ccSxEgvM.s 			page 21


 737              	.LVL37:
 738 003e B0B9     		cbnz	r0, .L61
 739              	.L56:
 168:Src/tim.c     ****   {
 740              		.loc 1 168 0
 741 0040 0422     		movs	r2, #4
 742 0042 0DEB0201 		add	r1, sp, r2
 743 0046 0F48     		ldr	r0, .L63
 744 0048 FFF7FEFF 		bl	HAL_TIM_PWM_ConfigChannel
 745              	.LVL38:
 746 004c A0B9     		cbnz	r0, .L62
 747              	.L57:
 173:Src/tim.c     **** 
 748              		.loc 1 173 0
 749 004e 0D48     		ldr	r0, .L63
 750 0050 FFF7FEFF 		bl	HAL_TIM_MspPostInit
 751              	.LVL39:
 175:Src/tim.c     **** /* TIM8 init function */
 752              		.loc 1 175 0
 753 0054 0BB0     		add	sp, sp, #44
 754              	.LCFI25:
 755              		.cfi_remember_state
 756              		.cfi_def_cfa_offset 4
 757              		@ sp needed
 758 0056 5DF804FB 		ldr	pc, [sp], #4
 759              	.L59:
 760              	.LCFI26:
 761              		.cfi_restore_state
 149:Src/tim.c     ****   }
 762              		.loc 1 149 0
 763 005a 9521     		movs	r1, #149
 764 005c 0B48     		ldr	r0, .L63+8
 765 005e FFF7FEFF 		bl	_Error_Handler
 766              	.LVL40:
 767 0062 DAE7     		b	.L54
 768              	.L60:
 156:Src/tim.c     ****   }
 769              		.loc 1 156 0
 770 0064 9C21     		movs	r1, #156
 771 0066 0948     		ldr	r0, .L63+8
 772 0068 FFF7FEFF 		bl	_Error_Handler
 773              	.LVL41:
 774 006c DDE7     		b	.L55
 775              	.L61:
 165:Src/tim.c     ****   }
 776              		.loc 1 165 0
 777 006e A521     		movs	r1, #165
 778 0070 0648     		ldr	r0, .L63+8
 779 0072 FFF7FEFF 		bl	_Error_Handler
 780              	.LVL42:
 781 0076 E3E7     		b	.L56
 782              	.L62:
 170:Src/tim.c     ****   }
 783              		.loc 1 170 0
 784 0078 AA21     		movs	r1, #170
 785 007a 0448     		ldr	r0, .L63+8
 786 007c FFF7FEFF 		bl	_Error_Handler
ARM GAS  C:\Users\kotaro\AppData\Local\Temp\ccSxEgvM.s 			page 22


 787              	.LVL43:
 788 0080 E5E7     		b	.L57
 789              	.L64:
 790 0082 00BF     		.align	2
 791              	.L63:
 792 0084 00000000 		.word	htim3
 793 0088 00040040 		.word	1073742848
 794 008c 00000000 		.word	.LC0
 795              		.cfi_endproc
 796              	.LFE161:
 798              		.section	.text.HAL_TIM_Encoder_MspDeInit,"ax",%progbits
 799              		.align	1
 800              		.global	HAL_TIM_Encoder_MspDeInit
 801              		.syntax unified
 802              		.thumb
 803              		.thumb_func
 804              		.fpu fpv4-sp-d16
 806              	HAL_TIM_Encoder_MspDeInit:
 807              	.LFB166:
 343:Src/tim.c     **** 
 344:Src/tim.c     **** void HAL_TIM_Encoder_MspDeInit(TIM_HandleTypeDef* tim_encoderHandle)
 345:Src/tim.c     **** {
 808              		.loc 1 345 0
 809              		.cfi_startproc
 810              		@ args = 0, pretend = 0, frame = 0
 811              		@ frame_needed = 0, uses_anonymous_args = 0
 812              	.LVL44:
 813 0000 08B5     		push	{r3, lr}
 814              	.LCFI27:
 815              		.cfi_def_cfa_offset 8
 816              		.cfi_offset 3, -8
 817              		.cfi_offset 14, -4
 346:Src/tim.c     **** 
 347:Src/tim.c     ****   if(tim_encoderHandle->Instance==TIM1)
 818              		.loc 1 347 0
 819 0002 0368     		ldr	r3, [r0]
 820 0004 0E4A     		ldr	r2, .L71
 821 0006 9342     		cmp	r3, r2
 822 0008 03D0     		beq	.L69
 348:Src/tim.c     ****   {
 349:Src/tim.c     ****   /* USER CODE BEGIN TIM1_MspDeInit 0 */
 350:Src/tim.c     **** 
 351:Src/tim.c     ****   /* USER CODE END TIM1_MspDeInit 0 */
 352:Src/tim.c     ****     /* Peripheral clock disable */
 353:Src/tim.c     ****     __HAL_RCC_TIM1_CLK_DISABLE();
 354:Src/tim.c     ****   
 355:Src/tim.c     ****     /**TIM1 GPIO Configuration    
 356:Src/tim.c     ****     PA8     ------> TIM1_CH1
 357:Src/tim.c     ****     PA9     ------> TIM1_CH2 
 358:Src/tim.c     ****     */
 359:Src/tim.c     ****     HAL_GPIO_DeInit(GPIOA, GPIO_PIN_8|GPIO_PIN_9);
 360:Src/tim.c     **** 
 361:Src/tim.c     ****   /* USER CODE BEGIN TIM1_MspDeInit 1 */
 362:Src/tim.c     **** 
 363:Src/tim.c     ****   /* USER CODE END TIM1_MspDeInit 1 */
 364:Src/tim.c     ****   }
 365:Src/tim.c     ****   else if(tim_encoderHandle->Instance==TIM8)
ARM GAS  C:\Users\kotaro\AppData\Local\Temp\ccSxEgvM.s 			page 23


 823              		.loc 1 365 0
 824 000a 0E4A     		ldr	r2, .L71+4
 825 000c 9342     		cmp	r3, r2
 826 000e 0CD0     		beq	.L70
 827              	.LVL45:
 828              	.L65:
 366:Src/tim.c     ****   {
 367:Src/tim.c     ****   /* USER CODE BEGIN TIM8_MspDeInit 0 */
 368:Src/tim.c     **** 
 369:Src/tim.c     ****   /* USER CODE END TIM8_MspDeInit 0 */
 370:Src/tim.c     ****     /* Peripheral clock disable */
 371:Src/tim.c     ****     __HAL_RCC_TIM8_CLK_DISABLE();
 372:Src/tim.c     ****   
 373:Src/tim.c     ****     /**TIM8 GPIO Configuration    
 374:Src/tim.c     ****     PC6     ------> TIM8_CH1
 375:Src/tim.c     ****     PC7     ------> TIM8_CH2 
 376:Src/tim.c     ****     */
 377:Src/tim.c     ****     HAL_GPIO_DeInit(GPIOC, GPIO_PIN_6|GPIO_PIN_7);
 378:Src/tim.c     **** 
 379:Src/tim.c     ****   /* USER CODE BEGIN TIM8_MspDeInit 1 */
 380:Src/tim.c     **** 
 381:Src/tim.c     ****   /* USER CODE END TIM8_MspDeInit 1 */
 382:Src/tim.c     ****   }
 383:Src/tim.c     **** }
 829              		.loc 1 383 0
 830 0010 08BD     		pop	{r3, pc}
 831              	.LVL46:
 832              	.L69:
 353:Src/tim.c     ****   
 833              		.loc 1 353 0
 834 0012 02F59C32 		add	r2, r2, #79872
 835 0016 536C     		ldr	r3, [r2, #68]
 836 0018 23F00103 		bic	r3, r3, #1
 837 001c 5364     		str	r3, [r2, #68]
 359:Src/tim.c     **** 
 838              		.loc 1 359 0
 839 001e 4FF44071 		mov	r1, #768
 840 0022 0948     		ldr	r0, .L71+8
 841              	.LVL47:
 842 0024 FFF7FEFF 		bl	HAL_GPIO_DeInit
 843              	.LVL48:
 844 0028 F2E7     		b	.L65
 845              	.LVL49:
 846              	.L70:
 371:Src/tim.c     ****   
 847              		.loc 1 371 0
 848 002a 02F59A32 		add	r2, r2, #78848
 849 002e 536C     		ldr	r3, [r2, #68]
 850 0030 23F00203 		bic	r3, r3, #2
 851 0034 5364     		str	r3, [r2, #68]
 377:Src/tim.c     **** 
 852              		.loc 1 377 0
 853 0036 C021     		movs	r1, #192
 854 0038 0448     		ldr	r0, .L71+12
 855              	.LVL50:
 856 003a FFF7FEFF 		bl	HAL_GPIO_DeInit
 857              	.LVL51:
ARM GAS  C:\Users\kotaro\AppData\Local\Temp\ccSxEgvM.s 			page 24


 858              		.loc 1 383 0
 859 003e E7E7     		b	.L65
 860              	.L72:
 861              		.align	2
 862              	.L71:
 863 0040 00000140 		.word	1073807360
 864 0044 00040140 		.word	1073808384
 865 0048 00000240 		.word	1073872896
 866 004c 00080240 		.word	1073874944
 867              		.cfi_endproc
 868              	.LFE166:
 870              		.section	.text.HAL_TIM_PWM_MspDeInit,"ax",%progbits
 871              		.align	1
 872              		.global	HAL_TIM_PWM_MspDeInit
 873              		.syntax unified
 874              		.thumb
 875              		.thumb_func
 876              		.fpu fpv4-sp-d16
 878              	HAL_TIM_PWM_MspDeInit:
 879              	.LFB167:
 384:Src/tim.c     **** 
 385:Src/tim.c     **** void HAL_TIM_PWM_MspDeInit(TIM_HandleTypeDef* tim_pwmHandle)
 386:Src/tim.c     **** {
 880              		.loc 1 386 0
 881              		.cfi_startproc
 882              		@ args = 0, pretend = 0, frame = 0
 883              		@ frame_needed = 0, uses_anonymous_args = 0
 884              		@ link register save eliminated.
 885              	.LVL52:
 387:Src/tim.c     **** 
 388:Src/tim.c     ****   if(tim_pwmHandle->Instance==TIM2)
 886              		.loc 1 388 0
 887 0000 0368     		ldr	r3, [r0]
 888 0002 B3F1804F 		cmp	r3, #1073741824
 889 0006 03D0     		beq	.L76
 389:Src/tim.c     ****   {
 390:Src/tim.c     ****   /* USER CODE BEGIN TIM2_MspDeInit 0 */
 391:Src/tim.c     **** 
 392:Src/tim.c     ****   /* USER CODE END TIM2_MspDeInit 0 */
 393:Src/tim.c     ****     /* Peripheral clock disable */
 394:Src/tim.c     ****     __HAL_RCC_TIM2_CLK_DISABLE();
 395:Src/tim.c     ****   /* USER CODE BEGIN TIM2_MspDeInit 1 */
 396:Src/tim.c     **** 
 397:Src/tim.c     ****   /* USER CODE END TIM2_MspDeInit 1 */
 398:Src/tim.c     ****   }
 399:Src/tim.c     ****   else if(tim_pwmHandle->Instance==TIM3)
 890              		.loc 1 399 0
 891 0008 084A     		ldr	r2, .L78
 892 000a 9342     		cmp	r3, r2
 893 000c 06D0     		beq	.L77
 894              	.L73:
 400:Src/tim.c     ****   {
 401:Src/tim.c     ****   /* USER CODE BEGIN TIM3_MspDeInit 0 */
 402:Src/tim.c     **** 
 403:Src/tim.c     ****   /* USER CODE END TIM3_MspDeInit 0 */
 404:Src/tim.c     ****     /* Peripheral clock disable */
 405:Src/tim.c     ****     __HAL_RCC_TIM3_CLK_DISABLE();
ARM GAS  C:\Users\kotaro\AppData\Local\Temp\ccSxEgvM.s 			page 25


 406:Src/tim.c     ****   /* USER CODE BEGIN TIM3_MspDeInit 1 */
 407:Src/tim.c     **** 
 408:Src/tim.c     ****   /* USER CODE END TIM3_MspDeInit 1 */
 409:Src/tim.c     ****   }
 410:Src/tim.c     **** } 
 895              		.loc 1 410 0
 896 000e 7047     		bx	lr
 897              	.L76:
 394:Src/tim.c     ****   /* USER CODE BEGIN TIM2_MspDeInit 1 */
 898              		.loc 1 394 0
 899 0010 074A     		ldr	r2, .L78+4
 900 0012 136C     		ldr	r3, [r2, #64]
 901 0014 23F00103 		bic	r3, r3, #1
 902 0018 1364     		str	r3, [r2, #64]
 903 001a 7047     		bx	lr
 904              	.L77:
 405:Src/tim.c     ****   /* USER CODE BEGIN TIM3_MspDeInit 1 */
 905              		.loc 1 405 0
 906 001c 02F50D32 		add	r2, r2, #144384
 907 0020 136C     		ldr	r3, [r2, #64]
 908 0022 23F00203 		bic	r3, r3, #2
 909 0026 1364     		str	r3, [r2, #64]
 910              		.loc 1 410 0
 911 0028 F1E7     		b	.L73
 912              	.L79:
 913 002a 00BF     		.align	2
 914              	.L78:
 915 002c 00040040 		.word	1073742848
 916 0030 00380240 		.word	1073887232
 917              		.cfi_endproc
 918              	.LFE167:
 920              		.section	.text.Tim_BuzzerPwm,"ax",%progbits
 921              		.align	1
 922              		.global	Tim_BuzzerPwm
 923              		.syntax unified
 924              		.thumb
 925              		.thumb_func
 926              		.fpu fpv4-sp-d16
 928              	Tim_BuzzerPwm:
 929              	.LFB168:
 411:Src/tim.c     **** 
 412:Src/tim.c     **** /* USER CODE BEGIN 1 */
 413:Src/tim.c     **** 
 414:Src/tim.c     **** /****************************************************************************************
 415:Src/tim.c     ****  * outline  : out put pwm of buzzer
 416:Src/tim.c     ****  * argument : hz(frequency),vol(volume 0~Period)
 417:Src/tim.c     ****  * return   : void
 418:Src/tim.c     **** ********************************************************************************************/
 419:Src/tim.c     **** void Tim_BuzzerPwm(int hz,int vol)
 420:Src/tim.c     **** {
 930              		.loc 1 420 0
 931              		.cfi_startproc
 932              		@ args = 0, pretend = 0, frame = 0
 933              		@ frame_needed = 0, uses_anonymous_args = 0
 934              	.LVL53:
 935 0000 10B5     		push	{r4, lr}
 936              	.LCFI28:
ARM GAS  C:\Users\kotaro\AppData\Local\Temp\ccSxEgvM.s 			page 26


 937              		.cfi_def_cfa_offset 8
 938              		.cfi_offset 4, -8
 939              		.cfi_offset 14, -4
 940 0002 0C46     		mov	r4, r1
 421:Src/tim.c     ****   htim3.Instance = TIM3;
 941              		.loc 1 421 0
 942 0004 1A4B     		ldr	r3, .L88
 943 0006 1B4A     		ldr	r2, .L88+4
 944 0008 1A60     		str	r2, [r3]
 422:Src/tim.c     ****   htim3.Init.Prescaler = hz;
 945              		.loc 1 422 0
 946 000a 5860     		str	r0, [r3, #4]
 423:Src/tim.c     ****   htim3.Init.CounterMode = TIM_COUNTERMODE_UP;
 947              		.loc 1 423 0
 948 000c 0022     		movs	r2, #0
 949 000e 9A60     		str	r2, [r3, #8]
 424:Src/tim.c     ****   htim3.Init.Period = 1999;
 950              		.loc 1 424 0
 951 0010 40F2CF71 		movw	r1, #1999
 952              	.LVL54:
 953 0014 D960     		str	r1, [r3, #12]
 425:Src/tim.c     ****   htim3.Init.ClockDivision = TIM_CLOCKDIVISION_DIV1;
 954              		.loc 1 425 0
 955 0016 1A61     		str	r2, [r3, #16]
 426:Src/tim.c     ****   htim3.Init.RepetitionCounter = 0;
 956              		.loc 1 426 0
 957 0018 5A61     		str	r2, [r3, #20]
 427:Src/tim.c     ****   if (HAL_TIM_PWM_Init(&htim3) != HAL_OK)
 958              		.loc 1 427 0
 959 001a 1846     		mov	r0, r3
 960              	.LVL55:
 961 001c FFF7FEFF 		bl	HAL_TIM_PWM_Init
 962              	.LVL56:
 963 0020 A0B9     		cbnz	r0, .L85
 964              	.L81:
 428:Src/tim.c     ****   {
 429:Src/tim.c     ****     _Error_Handler(__FILE__, __LINE__);
 430:Src/tim.c     ****   }
 431:Src/tim.c     **** 
 432:Src/tim.c     ****   sConfigOC.OCMode = TIM_OCMODE_PWM1;
 965              		.loc 1 432 0
 966 0022 1549     		ldr	r1, .L88+8
 967 0024 6023     		movs	r3, #96
 968 0026 0B60     		str	r3, [r1]
 433:Src/tim.c     ****   sConfigOC.Pulse = vol;
 969              		.loc 1 433 0
 970 0028 4C60     		str	r4, [r1, #4]
 434:Src/tim.c     ****   sConfigOC.OCPolarity = TIM_OCPOLARITY_HIGH;
 971              		.loc 1 434 0
 972 002a 0023     		movs	r3, #0
 973 002c 8B60     		str	r3, [r1, #8]
 435:Src/tim.c     ****   sConfigOC.OCNPolarity = TIM_OCNPOLARITY_HIGH;
 974              		.loc 1 435 0
 975 002e CB60     		str	r3, [r1, #12]
 436:Src/tim.c     ****   sConfigOC.OCFastMode = TIM_OCFAST_DISABLE;
 976              		.loc 1 436 0
 977 0030 0B61     		str	r3, [r1, #16]
ARM GAS  C:\Users\kotaro\AppData\Local\Temp\ccSxEgvM.s 			page 27


 437:Src/tim.c     ****   sConfigOC.OCIdleState = TIM_OCIDLESTATE_RESET;
 978              		.loc 1 437 0
 979 0032 4B61     		str	r3, [r1, #20]
 438:Src/tim.c     ****   sConfigOC.OCNIdleState = TIM_OCNIDLESTATE_RESET;
 980              		.loc 1 438 0
 981 0034 8B61     		str	r3, [r1, #24]
 439:Src/tim.c     ****   if (HAL_TIM_PWM_ConfigChannel(&htim3, &sConfigOC, TIM_CHANNEL_2) != HAL_OK)
 982              		.loc 1 439 0
 983 0036 0422     		movs	r2, #4
 984 0038 0D48     		ldr	r0, .L88
 985 003a FFF7FEFF 		bl	HAL_TIM_PWM_ConfigChannel
 986              	.LVL57:
 987 003e 58B9     		cbnz	r0, .L86
 988              	.L82:
 440:Src/tim.c     ****   {
 441:Src/tim.c     ****     _Error_Handler(__FILE__, __LINE__);
 442:Src/tim.c     ****   }
 443:Src/tim.c     **** 
 444:Src/tim.c     ****   if(HAL_TIM_PWM_Start(&htim3,TIM_CHANNEL_2)!=HAL_OK){
 989              		.loc 1 444 0
 990 0040 0421     		movs	r1, #4
 991 0042 0B48     		ldr	r0, .L88
 992 0044 FFF7FEFF 		bl	HAL_TIM_PWM_Start
 993              	.LVL58:
 994 0048 60B9     		cbnz	r0, .L87
 995              	.L80:
 445:Src/tim.c     ****     Error_Handler();
 446:Src/tim.c     ****   }
 447:Src/tim.c     **** }
 996              		.loc 1 447 0
 997 004a 10BD     		pop	{r4, pc}
 998              	.LVL59:
 999              	.L85:
 429:Src/tim.c     ****   }
 1000              		.loc 1 429 0
 1001 004c 40F2AD11 		movw	r1, #429
 1002 0050 0A48     		ldr	r0, .L88+12
 1003 0052 FFF7FEFF 		bl	_Error_Handler
 1004              	.LVL60:
 1005 0056 E4E7     		b	.L81
 1006              	.L86:
 441:Src/tim.c     ****   }
 1007              		.loc 1 441 0
 1008 0058 40F2B911 		movw	r1, #441
 1009 005c 0748     		ldr	r0, .L88+12
 1010 005e FFF7FEFF 		bl	_Error_Handler
 1011              	.LVL61:
 1012 0062 EDE7     		b	.L82
 1013              	.L87:
 445:Src/tim.c     ****     Error_Handler();
 1014              		.loc 1 445 0
 1015 0064 40F2BD11 		movw	r1, #445
 1016 0068 0448     		ldr	r0, .L88+12
 1017 006a FFF7FEFF 		bl	_Error_Handler
 1018              	.LVL62:
 1019              		.loc 1 447 0
 1020 006e ECE7     		b	.L80
ARM GAS  C:\Users\kotaro\AppData\Local\Temp\ccSxEgvM.s 			page 28


 1021              	.L89:
 1022              		.align	2
 1023              	.L88:
 1024 0070 00000000 		.word	htim3
 1025 0074 00040040 		.word	1073742848
 1026 0078 00000000 		.word	sConfigOC
 1027 007c 00000000 		.word	.LC0
 1028              		.cfi_endproc
 1029              	.LFE168:
 1031              		.section	.text.Tim_MotorPwm,"ax",%progbits
 1032              		.align	1
 1033              		.global	Tim_MotorPwm
 1034              		.syntax unified
 1035              		.thumb
 1036              		.thumb_func
 1037              		.fpu fpv4-sp-d16
 1039              	Tim_MotorPwm:
 1040              	.LFB169:
 448:Src/tim.c     **** 
 449:Src/tim.c     **** /****************************************************************************************
 450:Src/tim.c     ****  * outline  : out put pwm of motor
 451:Src/tim.c     ****  * argument : left pwm , reft pwm (-Period~Period,max 800)
 452:Src/tim.c     ****  * return   : void
 453:Src/tim.c     **** ********************************************************************************************/
 454:Src/tim.c     **** void Tim_MotorPwm(int16_t left_pwm,int16_t right_pwm){
 1041              		.loc 1 454 0
 1042              		.cfi_startproc
 1043              		@ args = 0, pretend = 0, frame = 0
 1044              		@ frame_needed = 0, uses_anonymous_args = 0
 1045              	.LVL63:
 1046 0000 70B5     		push	{r4, r5, r6, lr}
 1047              	.LCFI29:
 1048              		.cfi_def_cfa_offset 16
 1049              		.cfi_offset 4, -16
 1050              		.cfi_offset 5, -12
 1051              		.cfi_offset 6, -8
 1052              		.cfi_offset 14, -4
 1053 0002 0C46     		mov	r4, r1
 455:Src/tim.c     **** 
 456:Src/tim.c     ****   sConfigOC.OCMode = TIM_OCMODE_PWM1;
 1054              		.loc 1 456 0
 1055 0004 6E4B     		ldr	r3, .L114
 1056 0006 6022     		movs	r2, #96
 1057 0008 1A60     		str	r2, [r3]
 457:Src/tim.c     ****   sConfigOC.OCPolarity = TIM_OCPOLARITY_HIGH;
 1058              		.loc 1 457 0
 1059 000a 0022     		movs	r2, #0
 1060 000c 9A60     		str	r2, [r3, #8]
 458:Src/tim.c     ****   sConfigOC.OCNPolarity = TIM_OCNPOLARITY_HIGH;
 1061              		.loc 1 458 0
 1062 000e DA60     		str	r2, [r3, #12]
 459:Src/tim.c     ****   sConfigOC.OCFastMode = TIM_OCFAST_DISABLE;
 1063              		.loc 1 459 0
 1064 0010 1A61     		str	r2, [r3, #16]
 460:Src/tim.c     ****   sConfigOC.OCIdleState = TIM_OCIDLESTATE_RESET;
 1065              		.loc 1 460 0
 1066 0012 5A61     		str	r2, [r3, #20]
ARM GAS  C:\Users\kotaro\AppData\Local\Temp\ccSxEgvM.s 			page 29


 461:Src/tim.c     ****   sConfigOC.OCNIdleState = TIM_OCNIDLESTATE_RESET;
 1067              		.loc 1 461 0
 1068 0014 9A61     		str	r2, [r3, #24]
 462:Src/tim.c     **** 
 463:Src/tim.c     ****   //max and min
 464:Src/tim.c     ****   if(left_pwm > 799){
 1069              		.loc 1 464 0
 1070 0016 B0F5487F 		cmp	r0, #800
 1071 001a 04DA     		bge	.L101
 465:Src/tim.c     ****     left_pwm = 799;
 466:Src/tim.c     ****   }
 467:Src/tim.c     ****   if(left_pwm < -799){
 1072              		.loc 1 467 0
 1073 001c 10F5487F 		cmn	r0, #800
 1074 0020 03DC     		bgt	.L91
 468:Src/tim.c     ****     left_pwm = -799;
 1075              		.loc 1 468 0
 1076 0022 6848     		ldr	r0, .L114+4
 1077              	.LVL64:
 1078 0024 01E0     		b	.L91
 1079              	.LVL65:
 1080              	.L101:
 465:Src/tim.c     ****     left_pwm = 799;
 1081              		.loc 1 465 0
 1082 0026 40F21F30 		movw	r0, #799
 1083              	.LVL66:
 1084              	.L91:
 469:Src/tim.c     ****   }
 470:Src/tim.c     **** 
 471:Src/tim.c     ****   if(right_pwm > 799){
 1085              		.loc 1 471 0
 1086 002a B4F5487F 		cmp	r4, #800
 1087 002e 04DA     		bge	.L103
 1088              	.LVL67:
 472:Src/tim.c     ****     right_pwm = 799;
 473:Src/tim.c     ****   }
 474:Src/tim.c     ****   if(right_pwm < -799){
 1089              		.loc 1 474 0
 1090 0030 14F5487F 		cmn	r4, #800
 1091 0034 03DC     		bgt	.L92
 475:Src/tim.c     ****     right_pwm = -799;
 1092              		.loc 1 475 0
 1093 0036 634C     		ldr	r4, .L114+4
 1094              	.LVL68:
 1095 0038 01E0     		b	.L92
 1096              	.LVL69:
 1097              	.L103:
 472:Src/tim.c     ****     right_pwm = 799;
 1098              		.loc 1 472 0
 1099 003a 40F21F34 		movw	r4, #799
 1100              	.LVL70:
 1101              	.L92:
 476:Src/tim.c     ****   }
 477:Src/tim.c     **** 
 478:Src/tim.c     ****   //set left_pwm
 479:Src/tim.c     ****   if(left_pwm < 0){
 1102              		.loc 1 479 0
ARM GAS  C:\Users\kotaro\AppData\Local\Temp\ccSxEgvM.s 			page 30


 1103 003e 0028     		cmp	r0, #0
 1104 0040 19DB     		blt	.L106
 480:Src/tim.c     ****     sConfigOC.Pulse = -1 * left_pwm;
 481:Src/tim.c     ****     HAL_GPIO_WritePin(left_in1_GPIO_Port,left_in1_Pin,GPIO_PIN_SET);
 482:Src/tim.c     ****     HAL_GPIO_WritePin(left_in2_GPIO_Port,left_in2_Pin,GPIO_PIN_RESET);
 483:Src/tim.c     ****     if (HAL_TIM_PWM_ConfigChannel(&htim2, &sConfigOC, TIM_CHANNEL_1) != HAL_OK)
 484:Src/tim.c     ****     {
 485:Src/tim.c     ****       _Error_Handler(__FILE__, __LINE__);
 486:Src/tim.c     ****     }
 487:Src/tim.c     ****   }
 488:Src/tim.c     ****   else  if(left_pwm > 0){
 1105              		.loc 1 488 0
 1106 0042 0028     		cmp	r0, #0
 1107 0044 34DC     		bgt	.L107
 489:Src/tim.c     ****     sConfigOC.Pulse = left_pwm;
 490:Src/tim.c     ****     HAL_GPIO_WritePin(left_in1_GPIO_Port,left_in1_Pin,GPIO_PIN_RESET);
 491:Src/tim.c     ****     HAL_GPIO_WritePin(left_in2_GPIO_Port,left_in2_Pin,GPIO_PIN_SET);
 492:Src/tim.c     ****     if (HAL_TIM_PWM_ConfigChannel(&htim2, &sConfigOC, TIM_CHANNEL_1) != HAL_OK)
 493:Src/tim.c     ****     {
 494:Src/tim.c     ****       _Error_Handler(__FILE__, __LINE__);
 495:Src/tim.c     ****     }
 496:Src/tim.c     ****   }
 497:Src/tim.c     ****   else if(left_pwm == 0){
 1108              		.loc 1 497 0
 1109 0046 0028     		cmp	r0, #0
 1110 0048 4ED0     		beq	.L108
 1111              	.LVL71:
 1112              	.L94:
 498:Src/tim.c     ****     sConfigOC.Pulse = 0;
 499:Src/tim.c     ****     HAL_GPIO_WritePin(left_in1_GPIO_Port,left_in1_Pin,GPIO_PIN_SET);
 500:Src/tim.c     ****     HAL_GPIO_WritePin(left_in2_GPIO_Port,left_in2_Pin,GPIO_PIN_SET);
 501:Src/tim.c     ****   }
 502:Src/tim.c     **** 
 503:Src/tim.c     ****   //set right_pwm
 504:Src/tim.c     ****     if(right_pwm < 0){
 1113              		.loc 1 504 0
 1114 004a 002C     		cmp	r4, #0
 1115 004c 5DDB     		blt	.L109
 505:Src/tim.c     ****     sConfigOC.Pulse = -1 * right_pwm;
 506:Src/tim.c     ****     HAL_GPIO_WritePin(right_in1_GPIO_Port,right_in1_Pin,GPIO_PIN_SET);
 507:Src/tim.c     ****     HAL_GPIO_WritePin(right_in2_GPIO_Port,right_in2_Pin,GPIO_PIN_RESET);
 508:Src/tim.c     ****     if (HAL_TIM_PWM_ConfigChannel(&htim2, &sConfigOC, TIM_CHANNEL_2) != HAL_OK)
 509:Src/tim.c     ****     {
 510:Src/tim.c     ****       _Error_Handler(__FILE__, __LINE__);
 511:Src/tim.c     ****     }
 512:Src/tim.c     ****   }
 513:Src/tim.c     ****   else  if(right_pwm > 0){
 1116              		.loc 1 513 0
 1117 004e 002C     		cmp	r4, #0
 1118 0050 78DC     		bgt	.L110
 514:Src/tim.c     ****     sConfigOC.Pulse = right_pwm;
 515:Src/tim.c     ****     HAL_GPIO_WritePin(right_in1_GPIO_Port,right_in1_Pin,GPIO_PIN_RESET);
 516:Src/tim.c     ****     HAL_GPIO_WritePin(right_in2_GPIO_Port,right_in2_Pin,GPIO_PIN_SET);
 517:Src/tim.c     ****     if (HAL_TIM_PWM_ConfigChannel(&htim2, &sConfigOC, TIM_CHANNEL_2) != HAL_OK)
 518:Src/tim.c     ****     {
 519:Src/tim.c     ****       _Error_Handler(__FILE__, __LINE__);
 520:Src/tim.c     ****     }
ARM GAS  C:\Users\kotaro\AppData\Local\Temp\ccSxEgvM.s 			page 31


 521:Src/tim.c     ****   }
 522:Src/tim.c     ****   else if(right_pwm == 0){
 1119              		.loc 1 522 0
 1120 0052 002C     		cmp	r4, #0
 1121 0054 00F09380 		beq	.L111
 1122              	.LVL72:
 1123              	.L97:
 523:Src/tim.c     ****     sConfigOC.Pulse = 0;
 524:Src/tim.c     ****     HAL_GPIO_WritePin(right_in1_GPIO_Port,right_in1_Pin,GPIO_PIN_SET);
 525:Src/tim.c     ****     HAL_GPIO_WritePin(right_in2_GPIO_Port,right_in2_Pin,GPIO_PIN_SET);
 526:Src/tim.c     ****   }
 527:Src/tim.c     **** 
 528:Src/tim.c     ****   //start
 529:Src/tim.c     ****   if (HAL_TIM_PWM_Start(&htim2, TIM_CHANNEL_1) != HAL_OK){
 1124              		.loc 1 529 0
 1125 0058 0021     		movs	r1, #0
 1126 005a 5B48     		ldr	r0, .L114+8
 1127 005c FFF7FEFF 		bl	HAL_TIM_PWM_Start
 1128              	.LVL73:
 1129 0060 0028     		cmp	r0, #0
 1130 0062 40F0A080 		bne	.L112
 1131              	.L99:
 530:Src/tim.c     **** 		Error_Handler();
 531:Src/tim.c     **** 	}
 532:Src/tim.c     ****   if (HAL_TIM_PWM_Start(&htim2, TIM_CHANNEL_2) != HAL_OK){
 1132              		.loc 1 532 0
 1133 0066 0421     		movs	r1, #4
 1134 0068 5748     		ldr	r0, .L114+8
 1135 006a FFF7FEFF 		bl	HAL_TIM_PWM_Start
 1136              	.LVL74:
 1137 006e 0028     		cmp	r0, #0
 1138 0070 40F09F80 		bne	.L113
 1139              	.L90:
 533:Src/tim.c     **** 		Error_Handler();
 534:Src/tim.c     **** 	}
 535:Src/tim.c     **** }
 1140              		.loc 1 535 0
 1141 0074 70BD     		pop	{r4, r5, r6, pc}
 1142              	.LVL75:
 1143              	.L106:
 480:Src/tim.c     ****     HAL_GPIO_WritePin(left_in1_GPIO_Port,left_in1_Pin,GPIO_PIN_SET);
 1144              		.loc 1 480 0
 1145 0076 4042     		negs	r0, r0
 1146              	.LVL76:
 1147 0078 514D     		ldr	r5, .L114
 1148 007a 6860     		str	r0, [r5, #4]
 481:Src/tim.c     ****     HAL_GPIO_WritePin(left_in2_GPIO_Port,left_in2_Pin,GPIO_PIN_RESET);
 1149              		.loc 1 481 0
 1150 007c 534E     		ldr	r6, .L114+12
 1151 007e 0122     		movs	r2, #1
 1152 0080 4FF40041 		mov	r1, #32768
 1153 0084 3046     		mov	r0, r6
 1154 0086 FFF7FEFF 		bl	HAL_GPIO_WritePin
 1155              	.LVL77:
 482:Src/tim.c     ****     if (HAL_TIM_PWM_ConfigChannel(&htim2, &sConfigOC, TIM_CHANNEL_1) != HAL_OK)
 1156              		.loc 1 482 0
 1157 008a 0022     		movs	r2, #0
ARM GAS  C:\Users\kotaro\AppData\Local\Temp\ccSxEgvM.s 			page 32


 1158 008c 4FF48041 		mov	r1, #16384
 1159 0090 3046     		mov	r0, r6
 1160 0092 FFF7FEFF 		bl	HAL_GPIO_WritePin
 1161              	.LVL78:
 483:Src/tim.c     ****     {
 1162              		.loc 1 483 0
 1163 0096 0022     		movs	r2, #0
 1164 0098 2946     		mov	r1, r5
 1165 009a 4B48     		ldr	r0, .L114+8
 1166 009c FFF7FEFF 		bl	HAL_TIM_PWM_ConfigChannel
 1167              	.LVL79:
 1168 00a0 0028     		cmp	r0, #0
 1169 00a2 D2D0     		beq	.L94
 485:Src/tim.c     ****     }
 1170              		.loc 1 485 0
 1171 00a4 40F2E511 		movw	r1, #485
 1172 00a8 4948     		ldr	r0, .L114+16
 1173 00aa FFF7FEFF 		bl	_Error_Handler
 1174              	.LVL80:
 1175 00ae CCE7     		b	.L94
 1176              	.LVL81:
 1177              	.L107:
 489:Src/tim.c     ****     HAL_GPIO_WritePin(left_in1_GPIO_Port,left_in1_Pin,GPIO_PIN_RESET);
 1178              		.loc 1 489 0
 1179 00b0 434D     		ldr	r5, .L114
 1180 00b2 6860     		str	r0, [r5, #4]
 490:Src/tim.c     ****     HAL_GPIO_WritePin(left_in2_GPIO_Port,left_in2_Pin,GPIO_PIN_SET);
 1181              		.loc 1 490 0
 1182 00b4 454E     		ldr	r6, .L114+12
 1183 00b6 0022     		movs	r2, #0
 1184 00b8 4FF40041 		mov	r1, #32768
 1185 00bc 3046     		mov	r0, r6
 1186              	.LVL82:
 1187 00be FFF7FEFF 		bl	HAL_GPIO_WritePin
 1188              	.LVL83:
 491:Src/tim.c     ****     if (HAL_TIM_PWM_ConfigChannel(&htim2, &sConfigOC, TIM_CHANNEL_1) != HAL_OK)
 1189              		.loc 1 491 0
 1190 00c2 0122     		movs	r2, #1
 1191 00c4 4FF48041 		mov	r1, #16384
 1192 00c8 3046     		mov	r0, r6
 1193 00ca FFF7FEFF 		bl	HAL_GPIO_WritePin
 1194              	.LVL84:
 492:Src/tim.c     ****     {
 1195              		.loc 1 492 0
 1196 00ce 0022     		movs	r2, #0
 1197 00d0 2946     		mov	r1, r5
 1198 00d2 3D48     		ldr	r0, .L114+8
 1199 00d4 FFF7FEFF 		bl	HAL_TIM_PWM_ConfigChannel
 1200              	.LVL85:
 1201 00d8 0028     		cmp	r0, #0
 1202 00da B6D0     		beq	.L94
 494:Src/tim.c     ****     }
 1203              		.loc 1 494 0
 1204 00dc 4FF4F771 		mov	r1, #494
 1205 00e0 3B48     		ldr	r0, .L114+16
 1206 00e2 FFF7FEFF 		bl	_Error_Handler
 1207              	.LVL86:
ARM GAS  C:\Users\kotaro\AppData\Local\Temp\ccSxEgvM.s 			page 33


 1208 00e6 B0E7     		b	.L94
 1209              	.LVL87:
 1210              	.L108:
 498:Src/tim.c     ****     HAL_GPIO_WritePin(left_in1_GPIO_Port,left_in1_Pin,GPIO_PIN_SET);
 1211              		.loc 1 498 0
 1212 00e8 354B     		ldr	r3, .L114
 1213 00ea 0022     		movs	r2, #0
 1214 00ec 5A60     		str	r2, [r3, #4]
 499:Src/tim.c     ****     HAL_GPIO_WritePin(left_in2_GPIO_Port,left_in2_Pin,GPIO_PIN_SET);
 1215              		.loc 1 499 0
 1216 00ee 374D     		ldr	r5, .L114+12
 1217 00f0 0122     		movs	r2, #1
 1218 00f2 4FF40041 		mov	r1, #32768
 1219 00f6 2846     		mov	r0, r5
 1220              	.LVL88:
 1221 00f8 FFF7FEFF 		bl	HAL_GPIO_WritePin
 1222              	.LVL89:
 500:Src/tim.c     ****   }
 1223              		.loc 1 500 0
 1224 00fc 0122     		movs	r2, #1
 1225 00fe 4FF48041 		mov	r1, #16384
 1226 0102 2846     		mov	r0, r5
 1227 0104 FFF7FEFF 		bl	HAL_GPIO_WritePin
 1228              	.LVL90:
 1229 0108 9FE7     		b	.L94
 1230              	.L109:
 505:Src/tim.c     ****     HAL_GPIO_WritePin(right_in1_GPIO_Port,right_in1_Pin,GPIO_PIN_SET);
 1231              		.loc 1 505 0
 1232 010a 6442     		negs	r4, r4
 1233              	.LVL91:
 1234 010c 2C4D     		ldr	r5, .L114
 1235 010e 6C60     		str	r4, [r5, #4]
 506:Src/tim.c     ****     HAL_GPIO_WritePin(right_in2_GPIO_Port,right_in2_Pin,GPIO_PIN_RESET);
 1236              		.loc 1 506 0
 1237 0110 304C     		ldr	r4, .L114+20
 1238 0112 0122     		movs	r2, #1
 1239 0114 4FF40071 		mov	r1, #512
 1240 0118 2046     		mov	r0, r4
 1241 011a FFF7FEFF 		bl	HAL_GPIO_WritePin
 1242              	.LVL92:
 507:Src/tim.c     ****     if (HAL_TIM_PWM_ConfigChannel(&htim2, &sConfigOC, TIM_CHANNEL_2) != HAL_OK)
 1243              		.loc 1 507 0
 1244 011e 0022     		movs	r2, #0
 1245 0120 4FF48071 		mov	r1, #256
 1246 0124 2046     		mov	r0, r4
 1247 0126 FFF7FEFF 		bl	HAL_GPIO_WritePin
 1248              	.LVL93:
 508:Src/tim.c     ****     {
 1249              		.loc 1 508 0
 1250 012a 0422     		movs	r2, #4
 1251 012c 2946     		mov	r1, r5
 1252 012e 2648     		ldr	r0, .L114+8
 1253 0130 FFF7FEFF 		bl	HAL_TIM_PWM_ConfigChannel
 1254              	.LVL94:
 1255 0134 0028     		cmp	r0, #0
 1256 0136 8FD0     		beq	.L97
 510:Src/tim.c     ****     }
ARM GAS  C:\Users\kotaro\AppData\Local\Temp\ccSxEgvM.s 			page 34


 1257              		.loc 1 510 0
 1258 0138 4FF4FF71 		mov	r1, #510
 1259 013c 2448     		ldr	r0, .L114+16
 1260 013e FFF7FEFF 		bl	_Error_Handler
 1261              	.LVL95:
 1262 0142 89E7     		b	.L97
 1263              	.LVL96:
 1264              	.L110:
 514:Src/tim.c     ****     HAL_GPIO_WritePin(right_in1_GPIO_Port,right_in1_Pin,GPIO_PIN_RESET);
 1265              		.loc 1 514 0
 1266 0144 1E4D     		ldr	r5, .L114
 1267 0146 6C60     		str	r4, [r5, #4]
 515:Src/tim.c     ****     HAL_GPIO_WritePin(right_in2_GPIO_Port,right_in2_Pin,GPIO_PIN_SET);
 1268              		.loc 1 515 0
 1269 0148 224C     		ldr	r4, .L114+20
 1270              	.LVL97:
 1271 014a 0022     		movs	r2, #0
 1272 014c 4FF40071 		mov	r1, #512
 1273 0150 2046     		mov	r0, r4
 1274 0152 FFF7FEFF 		bl	HAL_GPIO_WritePin
 1275              	.LVL98:
 516:Src/tim.c     ****     if (HAL_TIM_PWM_ConfigChannel(&htim2, &sConfigOC, TIM_CHANNEL_2) != HAL_OK)
 1276              		.loc 1 516 0
 1277 0156 0122     		movs	r2, #1
 1278 0158 4FF48071 		mov	r1, #256
 1279 015c 2046     		mov	r0, r4
 1280 015e FFF7FEFF 		bl	HAL_GPIO_WritePin
 1281              	.LVL99:
 517:Src/tim.c     ****     {
 1282              		.loc 1 517 0
 1283 0162 0422     		movs	r2, #4
 1284 0164 2946     		mov	r1, r5
 1285 0166 1848     		ldr	r0, .L114+8
 1286 0168 FFF7FEFF 		bl	HAL_TIM_PWM_ConfigChannel
 1287              	.LVL100:
 1288 016c 0028     		cmp	r0, #0
 1289 016e 3FF473AF 		beq	.L97
 519:Src/tim.c     ****     }
 1290              		.loc 1 519 0
 1291 0172 40F20721 		movw	r1, #519
 1292 0176 1648     		ldr	r0, .L114+16
 1293 0178 FFF7FEFF 		bl	_Error_Handler
 1294              	.LVL101:
 1295 017c 6CE7     		b	.L97
 1296              	.LVL102:
 1297              	.L111:
 523:Src/tim.c     ****     HAL_GPIO_WritePin(right_in1_GPIO_Port,right_in1_Pin,GPIO_PIN_SET);
 1298              		.loc 1 523 0
 1299 017e 104B     		ldr	r3, .L114
 1300 0180 0022     		movs	r2, #0
 1301 0182 5A60     		str	r2, [r3, #4]
 524:Src/tim.c     ****     HAL_GPIO_WritePin(right_in2_GPIO_Port,right_in2_Pin,GPIO_PIN_SET);
 1302              		.loc 1 524 0
 1303 0184 04F18044 		add	r4, r4, #1073741824
 1304              	.LVL103:
 1305 0188 04F50234 		add	r4, r4, #133120
 1306 018c 0122     		movs	r2, #1
ARM GAS  C:\Users\kotaro\AppData\Local\Temp\ccSxEgvM.s 			page 35


 1307 018e 4FF40071 		mov	r1, #512
 1308 0192 2046     		mov	r0, r4
 1309 0194 FFF7FEFF 		bl	HAL_GPIO_WritePin
 1310              	.LVL104:
 525:Src/tim.c     ****   }
 1311              		.loc 1 525 0
 1312 0198 0122     		movs	r2, #1
 1313 019a 4FF48071 		mov	r1, #256
 1314 019e 2046     		mov	r0, r4
 1315 01a0 FFF7FEFF 		bl	HAL_GPIO_WritePin
 1316              	.LVL105:
 1317 01a4 58E7     		b	.L97
 1318              	.L112:
 530:Src/tim.c     **** 	}
 1319              		.loc 1 530 0
 1320 01a6 40F21221 		movw	r1, #530
 1321 01aa 0948     		ldr	r0, .L114+16
 1322 01ac FFF7FEFF 		bl	_Error_Handler
 1323              	.LVL106:
 1324 01b0 59E7     		b	.L99
 1325              	.L113:
 533:Src/tim.c     **** 	}
 1326              		.loc 1 533 0
 1327 01b2 40F21521 		movw	r1, #533
 1328 01b6 0648     		ldr	r0, .L114+16
 1329 01b8 FFF7FEFF 		bl	_Error_Handler
 1330              	.LVL107:
 1331              		.loc 1 535 0
 1332 01bc 5AE7     		b	.L90
 1333              	.L115:
 1334 01be 00BF     		.align	2
 1335              	.L114:
 1336 01c0 00000000 		.word	sConfigOC
 1337 01c4 E1FCFFFF 		.word	-799
 1338 01c8 00000000 		.word	htim2
 1339 01cc 00040240 		.word	1073873920
 1340 01d0 00000000 		.word	.LC0
 1341 01d4 00080240 		.word	1073874944
 1342              		.cfi_endproc
 1343              	.LFE169:
 1345              		.section	.text.Tim_UpdateEncoder,"ax",%progbits
 1346              		.align	1
 1347              		.global	Tim_UpdateEncoder
 1348              		.syntax unified
 1349              		.thumb
 1350              		.thumb_func
 1351              		.fpu fpv4-sp-d16
 1353              	Tim_UpdateEncoder:
 1354              	.LFB170:
 536:Src/tim.c     **** 
 537:Src/tim.c     **** 
 538:Src/tim.c     **** /****************************************************************************************
 539:Src/tim.c     ****  * outline  : update encoder value
 540:Src/tim.c     ****  * argument : void
 541:Src/tim.c     ****  * return   : void
 542:Src/tim.c     **** ********************************************************************************************/
 543:Src/tim.c     **** void Tim_UpdateEncoder(void){
ARM GAS  C:\Users\kotaro\AppData\Local\Temp\ccSxEgvM.s 			page 36


 1355              		.loc 1 543 0
 1356              		.cfi_startproc
 1357              		@ args = 0, pretend = 0, frame = 0
 1358              		@ frame_needed = 0, uses_anonymous_args = 0
 1359              		@ link register save eliminated.
 1360 0000 10B4     		push	{r4}
 1361              	.LCFI30:
 1362              		.cfi_def_cfa_offset 4
 1363              		.cfi_offset 4, -4
 544:Src/tim.c     ****   int16_t r_buff = TIM1->CNT;
 1364              		.loc 1 544 0
 1365 0002 1F4C     		ldr	r4, .L118
 1366 0004 626A     		ldr	r2, [r4, #36]
 1367              	.LVL108:
 545:Src/tim.c     ****   int16_t l_buff = TIM8->CNT;
 1368              		.loc 1 545 0
 1369 0006 1F49     		ldr	r1, .L118+4
 1370 0008 4B6A     		ldr	r3, [r1, #36]
 1371              	.LVL109:
 546:Src/tim.c     ****   
 547:Src/tim.c     ****   //float enc_left_omega = 0.0f;
 548:Src/tim.c     ****   //float enc_right_omega = 0.0f;
 549:Src/tim.c     ****   TIM1->CNT = 0;
 1372              		.loc 1 549 0
 1373 000a 0020     		movs	r0, #0
 1374 000c 6062     		str	r0, [r4, #36]
 550:Src/tim.c     ****   TIM8->CNT = 0;
 1375              		.loc 1 550 0
 1376 000e 4862     		str	r0, [r1, #36]
 551:Src/tim.c     **** 
 552:Src/tim.c     ****   if ( l_buff > 32767 ){
 553:Src/tim.c     ****     l_buff = (int16_t)l_buff;
 554:Src/tim.c     ****   } else {
 555:Src/tim.c     ****     l_buff = l_buff;
 556:Src/tim.c     ****   }
 557:Src/tim.c     **** 
 558:Src/tim.c     ****   if ( r_buff > 32767 ){
 559:Src/tim.c     ****     r_buff = -1 * (int16_t)r_buff;
 560:Src/tim.c     ****   } else {
 561:Src/tim.c     ****     r_buff = -1 * r_buff;
 1377              		.loc 1 561 0
 1378 0010 5242     		negs	r2, r2
 1379              	.LVL110:
 1380 0012 12B2     		sxth	r2, r2
 1381              	.LVL111:
 562:Src/tim.c     ****   }
 563:Src/tim.c     ****   
 564:Src/tim.c     ****   enc.velocity = (float)(l_buff + r_buff) / ENC_CUL_ROT / GEAR_RATE * PI * TIRE_RADIUS * 1000.0f;
 1382              		.loc 1 564 0
 1383 0014 02FA83F3 		sxtah	r3, r2, r3
 1384              	.LVL112:
 1385 0018 07EE103A 		vmov	s14, r3	@ int
 1386 001c B8EEC77A 		vcvt.f32.s32	s14, s14
 1387 0020 DFED197A 		vldr.32	s15, .L118+8
 1388 0024 27EE277A 		vmul.f32	s14, s14, s15
 1389 0028 F1EE056A 		vmov.f32	s13, #5.25e+0
 1390 002c C7EE267A 		vdiv.f32	s15, s14, s13
ARM GAS  C:\Users\kotaro\AppData\Local\Temp\ccSxEgvM.s 			page 37


 1391 0030 9FED167A 		vldr.32	s14, .L118+12
 1392 0034 67EE877A 		vmul.f32	s15, s15, s14
 1393 0038 9FED157A 		vldr.32	s14, .L118+16
 1394 003c 67EE877A 		vmul.f32	s15, s15, s14
 1395 0040 9FED147A 		vldr.32	s14, .L118+20
 1396 0044 67EE877A 		vmul.f32	s15, s15, s14
 1397 0048 134B     		ldr	r3, .L118+24
 1398 004a C3ED017A 		vstr.32	s15, [r3, #4]
 565:Src/tim.c     ****   enc.distance += enc.velocity / 1000.0f;
 1399              		.loc 1 565 0
 1400 004e C7EE876A 		vdiv.f32	s13, s15, s14
 1401 0052 93ED007A 		vldr.32	s14, [r3]
 1402 0056 37EE267A 		vadd.f32	s14, s14, s13
 1403 005a 83ED007A 		vstr.32	s14, [r3]
 566:Src/tim.c     ****   enc.offset += enc.velocity / 1000.0f;
 1404              		.loc 1 566 0
 1405 005e B3F90820 		ldrsh	r2, [r3, #8]
 1406              	.LVL113:
 1407 0062 07EE902A 		vmov	s15, r2	@ int
 1408 0066 F8EEE77A 		vcvt.f32.s32	s15, s15
 1409 006a 77EEA67A 		vadd.f32	s15, s15, s13
 1410 006e FDEEE77A 		vcvt.s32.f32	s15, s15
 1411 0072 17EE902A 		vmov	r2, s15	@ int
 1412 0076 1A81     		strh	r2, [r3, #8]	@ movhi
 567:Src/tim.c     **** }
 1413              		.loc 1 567 0
 1414 0078 5DF8044B 		ldr	r4, [sp], #4
 1415              	.LCFI31:
 1416              		.cfi_restore 4
 1417              		.cfi_def_cfa_offset 0
 1418 007c 7047     		bx	lr
 1419              	.L119:
 1420 007e 00BF     		.align	2
 1421              	.L118:
 1422 0080 00000140 		.word	1073807360
 1423 0084 00040140 		.word	1073808384
 1424 0088 0000803A 		.word	981467136
 1425 008c DB0F4940 		.word	1078530011
 1426 0090 CDCC4441 		.word	1095027917
 1427 0094 00007A44 		.word	1148846080
 1428 0098 00000000 		.word	enc
 1429              		.cfi_endproc
 1430              	.LFE170:
 1432              		.comm	htim8,60,4
 1433              		.comm	htim3,60,4
 1434              		.comm	htim2,60,4
 1435              		.comm	htim1,60,4
 1436              		.comm	enc,12,4
 1437              		.comm	sConfigOC,28,4
 1438              		.comm	sMasterConfig,8,4
 1439              		.section	.rodata.MX_TIM1_Init.str1.4,"aMS",%progbits,1
 1440              		.align	2
 1441              	.LC0:
 1442 0000 5372632F 		.ascii	"Src/tim.c\000"
 1442      74696D2E 
 1442      6300
 1443              		.text
ARM GAS  C:\Users\kotaro\AppData\Local\Temp\ccSxEgvM.s 			page 38


 1444              	.Letext0:
 1445              		.file 2 "c:\\program files (x86)\\gnu tools arm embedded\\7 2017-q4-major\\arm-none-eabi\\include\
 1446              		.file 3 "c:\\program files (x86)\\gnu tools arm embedded\\7 2017-q4-major\\arm-none-eabi\\include\
 1447              		.file 4 "Drivers/CMSIS/Include/core_cm4.h"
 1448              		.file 5 "Drivers/CMSIS/Device/ST/STM32F4xx/Include/system_stm32f4xx.h"
 1449              		.file 6 "Drivers/CMSIS/Device/ST/STM32F4xx/Include/stm32f405xx.h"
 1450              		.file 7 "c:\\program files (x86)\\gnu tools arm embedded\\7 2017-q4-major\\arm-none-eabi\\include\
 1451              		.file 8 "c:\\program files (x86)\\gnu tools arm embedded\\7 2017-q4-major\\arm-none-eabi\\include\
 1452              		.file 9 "c:\\program files (x86)\\gnu tools arm embedded\\7 2017-q4-major\\lib\\gcc\\arm-none-eabi
 1453              		.file 10 "c:\\program files (x86)\\gnu tools arm embedded\\7 2017-q4-major\\arm-none-eabi\\include
 1454              		.file 11 "Drivers/STM32F4xx_HAL_Driver/Inc/stm32f4xx_hal_def.h"
 1455              		.file 12 "Drivers/STM32F4xx_HAL_Driver/Inc/stm32f4xx_hal_gpio.h"
 1456              		.file 13 "Drivers/STM32F4xx_HAL_Driver/Inc/stm32f4xx_hal_dma.h"
 1457              		.file 14 "Drivers/STM32F4xx_HAL_Driver/Inc/stm32f4xx_hal_tim.h"
 1458              		.file 15 "Drivers/STM32F4xx_HAL_Driver/Inc/stm32f4xx_hal_tim_ex.h"
 1459              		.file 16 "Inc/tim.h"
 1460              		.file 17 "c:\\program files (x86)\\gnu tools arm embedded\\7 2017-q4-major\\arm-none-eabi\\include
ARM GAS  C:\Users\kotaro\AppData\Local\Temp\ccSxEgvM.s 			page 39


DEFINED SYMBOLS
                            *ABS*:00000000 tim.c
C:\Users\kotaro\AppData\Local\Temp\ccSxEgvM.s:18     .text.MX_TIM1_Init:00000000 $t
C:\Users\kotaro\AppData\Local\Temp\ccSxEgvM.s:25     .text.MX_TIM1_Init:00000000 MX_TIM1_Init
C:\Users\kotaro\AppData\Local\Temp\ccSxEgvM.s:119    .text.MX_TIM1_Init:00000060 $d
                            *COM*:0000003c htim1
C:\Users\kotaro\AppData\Local\Temp\ccSxEgvM.s:126    .text.MX_TIM8_Init:00000000 $t
C:\Users\kotaro\AppData\Local\Temp\ccSxEgvM.s:133    .text.MX_TIM8_Init:00000000 MX_TIM8_Init
C:\Users\kotaro\AppData\Local\Temp\ccSxEgvM.s:226    .text.MX_TIM8_Init:00000060 $d
                            *COM*:0000003c htim8
C:\Users\kotaro\AppData\Local\Temp\ccSxEgvM.s:233    .text.HAL_TIM_Encoder_MspInit:00000000 $t
C:\Users\kotaro\AppData\Local\Temp\ccSxEgvM.s:240    .text.HAL_TIM_Encoder_MspInit:00000000 HAL_TIM_Encoder_MspInit
C:\Users\kotaro\AppData\Local\Temp\ccSxEgvM.s:348    .text.HAL_TIM_Encoder_MspInit:00000084 $d
C:\Users\kotaro\AppData\Local\Temp\ccSxEgvM.s:356    .text.HAL_TIM_PWM_MspInit:00000000 $t
C:\Users\kotaro\AppData\Local\Temp\ccSxEgvM.s:363    .text.HAL_TIM_PWM_MspInit:00000000 HAL_TIM_PWM_MspInit
C:\Users\kotaro\AppData\Local\Temp\ccSxEgvM.s:426    .text.HAL_TIM_PWM_MspInit:00000048 $d
C:\Users\kotaro\AppData\Local\Temp\ccSxEgvM.s:432    .text.HAL_TIM_MspPostInit:00000000 $t
C:\Users\kotaro\AppData\Local\Temp\ccSxEgvM.s:439    .text.HAL_TIM_MspPostInit:00000000 HAL_TIM_MspPostInit
C:\Users\kotaro\AppData\Local\Temp\ccSxEgvM.s:540    .text.HAL_TIM_MspPostInit:00000064 $d
C:\Users\kotaro\AppData\Local\Temp\ccSxEgvM.s:547    .text.MX_TIM2_Init:00000000 $t
C:\Users\kotaro\AppData\Local\Temp\ccSxEgvM.s:554    .text.MX_TIM2_Init:00000000 MX_TIM2_Init
C:\Users\kotaro\AppData\Local\Temp\ccSxEgvM.s:667    .text.MX_TIM2_Init:00000088 $d
                            *COM*:0000003c htim2
C:\Users\kotaro\AppData\Local\Temp\ccSxEgvM.s:673    .text.MX_TIM3_Init:00000000 $t
C:\Users\kotaro\AppData\Local\Temp\ccSxEgvM.s:680    .text.MX_TIM3_Init:00000000 MX_TIM3_Init
C:\Users\kotaro\AppData\Local\Temp\ccSxEgvM.s:792    .text.MX_TIM3_Init:00000084 $d
                            *COM*:0000003c htim3
C:\Users\kotaro\AppData\Local\Temp\ccSxEgvM.s:799    .text.HAL_TIM_Encoder_MspDeInit:00000000 $t
C:\Users\kotaro\AppData\Local\Temp\ccSxEgvM.s:806    .text.HAL_TIM_Encoder_MspDeInit:00000000 HAL_TIM_Encoder_MspDeInit
C:\Users\kotaro\AppData\Local\Temp\ccSxEgvM.s:863    .text.HAL_TIM_Encoder_MspDeInit:00000040 $d
C:\Users\kotaro\AppData\Local\Temp\ccSxEgvM.s:871    .text.HAL_TIM_PWM_MspDeInit:00000000 $t
C:\Users\kotaro\AppData\Local\Temp\ccSxEgvM.s:878    .text.HAL_TIM_PWM_MspDeInit:00000000 HAL_TIM_PWM_MspDeInit
C:\Users\kotaro\AppData\Local\Temp\ccSxEgvM.s:915    .text.HAL_TIM_PWM_MspDeInit:0000002c $d
C:\Users\kotaro\AppData\Local\Temp\ccSxEgvM.s:921    .text.Tim_BuzzerPwm:00000000 $t
C:\Users\kotaro\AppData\Local\Temp\ccSxEgvM.s:928    .text.Tim_BuzzerPwm:00000000 Tim_BuzzerPwm
C:\Users\kotaro\AppData\Local\Temp\ccSxEgvM.s:1024   .text.Tim_BuzzerPwm:00000070 $d
                            *COM*:0000001c sConfigOC
C:\Users\kotaro\AppData\Local\Temp\ccSxEgvM.s:1032   .text.Tim_MotorPwm:00000000 $t
C:\Users\kotaro\AppData\Local\Temp\ccSxEgvM.s:1039   .text.Tim_MotorPwm:00000000 Tim_MotorPwm
C:\Users\kotaro\AppData\Local\Temp\ccSxEgvM.s:1336   .text.Tim_MotorPwm:000001c0 $d
C:\Users\kotaro\AppData\Local\Temp\ccSxEgvM.s:1346   .text.Tim_UpdateEncoder:00000000 $t
C:\Users\kotaro\AppData\Local\Temp\ccSxEgvM.s:1353   .text.Tim_UpdateEncoder:00000000 Tim_UpdateEncoder
C:\Users\kotaro\AppData\Local\Temp\ccSxEgvM.s:1422   .text.Tim_UpdateEncoder:00000080 $d
                            *COM*:0000000c enc
                            *COM*:00000008 sMasterConfig
C:\Users\kotaro\AppData\Local\Temp\ccSxEgvM.s:1440   .rodata.MX_TIM1_Init.str1.4:00000000 $d

UNDEFINED SYMBOLS
HAL_TIM_Encoder_Init
HAL_TIMEx_MasterConfigSynchronization
_Error_Handler
HAL_GPIO_Init
HAL_TIM_PWM_Init
HAL_TIM_PWM_ConfigChannel
HAL_GPIO_DeInit
HAL_TIM_PWM_Start
HAL_GPIO_WritePin
ARM GAS  C:\Users\kotaro\AppData\Local\Temp\ccSxEgvM.s 			page 40


